        -:    0:Source:/usr/include/c++/11/bits/regex_automaton.h
        -:    0:Graph:/home/ioana/second_semester/oop/assignments/a6-913-Gabor-Ioana-1/cmake-build-debug-coverage/CMakeFiles/a6_913_Gabor_Ioana_1.dir/ui/ConsoleUI.cpp.gcno
        -:    0:Data:/home/ioana/second_semester/oop/assignments/a6-913-Gabor-Ioana-1/cmake-build-debug-coverage/CMakeFiles/a6_913_Gabor_Ioana_1.dir/ui/ConsoleUI.cpp.gcda
        -:    0:Runs:1
        -:    1:// class template regex -*- C++ -*-
        -:    2:
        -:    3:// Copyright (C) 2013-2021 Free Software Foundation, Inc.
        -:    4://
        -:    5:// This file is part of the GNU ISO C++ Library.  This library is free
        -:    6:// software; you can redistribute it and/or modify it under the
        -:    7:// terms of the GNU General Public License as published by the
        -:    8:// Free Software Foundation; either version 3, or (at your option)
        -:    9:// any later version.
        -:   10:
        -:   11:// This library is distributed in the hope that it will be useful,
        -:   12:// but WITHOUT ANY WARRANTY; without even the implied warranty of
        -:   13:// MERCHANTABILITY or FITNESS FOR A PARTICULAR PURPOSE.  See the
        -:   14:// GNU General Public License for more details.
        -:   15:
        -:   16:// Under Section 7 of GPL version 3, you are granted additional
        -:   17:// permissions described in the GCC Runtime Library Exception, version
        -:   18:// 3.1, as published by the Free Software Foundation.
        -:   19:
        -:   20:// You should have received a copy of the GNU General Public License and
        -:   21:// a copy of the GCC Runtime Library Exception along with this program;
        -:   22:// see the files COPYING3 and COPYING.RUNTIME respectively.  If not, see
        -:   23:// <http://www.gnu.org/licenses/>.
        -:   24:
        -:   25:/**
        -:   26: *  @file bits/regex_automaton.h
        -:   27: *  This is an internal header file, included by other library headers.
        -:   28: *  Do not attempt to use it directly. @headername{regex}
        -:   29: */
        -:   30:
        -:   31:// This macro defines the maximal state number a NFA can have.
        -:   32:#ifndef _GLIBCXX_REGEX_STATE_LIMIT
        -:   33:#define _GLIBCXX_REGEX_STATE_LIMIT 100000
        -:   34:#endif
        -:   35:
        -:   36:namespace std _GLIBCXX_VISIBILITY(default)
        -:   37:{
        -:   38:_GLIBCXX_BEGIN_NAMESPACE_VERSION
        -:   39:
        -:   40:namespace __detail
        -:   41:{
        -:   42:  /**
        -:   43:   *  @defgroup regex-detail Base and Implementation Classes
        -:   44:   *  @ingroup regex
        -:   45:   *  @{
        -:   46:   */
        -:   47:
        -:   48:  typedef long _StateIdT;
        -:   49:  static const _StateIdT _S_invalid_state_id  = -1;
        -:   50:
        -:   51:  template<typename _CharT>
        -:   52:    using _Matcher = std::function<bool (_CharT)>;
        -:   53:
        -:   54:  /// Operation codes that define the type of transitions within the base NFA
        -:   55:  /// that represents the regular expression.
        -:   56:  enum _Opcode : int
        -:   57:  {
        -:   58:      _S_opcode_unknown,
        -:   59:      _S_opcode_alternative,
        -:   60:      _S_opcode_repeat,
        -:   61:      _S_opcode_backref,
        -:   62:      _S_opcode_line_begin_assertion,
        -:   63:      _S_opcode_line_end_assertion,
        -:   64:      _S_opcode_word_boundary,
        -:   65:      _S_opcode_subexpr_lookahead,
        -:   66:      _S_opcode_subexpr_begin,
        -:   67:      _S_opcode_subexpr_end,
        -:   68:      _S_opcode_dummy,
        -:   69:      _S_opcode_match,
        -:   70:      _S_opcode_accept,
        -:   71:  };
        -:   72:
        -:   73:  struct _State_base
        -:   74:  {
        -:   75:  protected:
        -:   76:    _Opcode      _M_opcode;           // type of outgoing transition
        -:   77:
        -:   78:  public:
        -:   79:    _StateIdT    _M_next;             // outgoing transition
        -:   80:    union // Since they are mutually exclusive.
        -:   81:    {
        -:   82:      size_t _M_subexpr;        // for _S_opcode_subexpr_*
        -:   83:      size_t _M_backref_index;  // for _S_opcode_backref
        -:   84:      struct
        -:   85:      {
        -:   86:	// for _S_opcode_alternative, _S_opcode_repeat and
        -:   87:	// _S_opcode_subexpr_lookahead
        -:   88:	_StateIdT  _M_alt;
        -:   89:	// for _S_opcode_word_boundary or _S_opcode_subexpr_lookahead or
        -:   90:	// quantifiers (ungreedy if set true)
        -:   91:	bool       _M_neg;
        -:   92:      };
        -:   93:      // For _S_opcode_match
        -:   94:      __gnu_cxx::__aligned_membuf<_Matcher<char>> _M_matcher_storage;
        -:   95:    };
        -:   96:
        -:   97:  protected:
function _ZNSt8__detail11_State_baseC2ENS_7_OpcodeE called 19467 returned 100% blocks executed 100%
    19467:   98:    explicit _State_base(_Opcode __opcode)
    19467:   99:    : _M_opcode(__opcode), _M_next(_S_invalid_state_id)
    19467:  100:    { }
        -:  101:
        -:  102:  public:
        -:  103:    bool
function _ZNSt8__detail11_State_base10_M_has_altEv called 68805 returned 100% blocks executed 100%
    68805:  104:    _M_has_alt()
        -:  105:    {
    68805:  106:      return _M_opcode == _S_opcode_alternative
    68805:  107:	|| _M_opcode == _S_opcode_repeat
    68805:  107-block  0
branch  0 taken 53025 (fallthrough)
branch  1 taken 15780
   137610:  108:	|| _M_opcode == _S_opcode_subexpr_lookahead;
    68805:  108-block  0
branch  0 taken 68805 (fallthrough)
branch  1 taken 0
    53025:  108-block  1
branch  2 taken 0 (fallthrough)
branch  3 taken 53025
    15780:  108-block  2
    53025:  108-block  3
    68805:  108-block  4
        -:  109:    }
        -:  110:
        -:  111:#ifdef _GLIBCXX_DEBUG
        -:  112:    std::ostream&
        -:  113:    _M_print(std::ostream& ostr) const;
        -:  114:
        -:  115:    // Prints graphviz dot commands for state.
        -:  116:    std::ostream&
        -:  117:    _M_dot(std::ostream& __ostr, _StateIdT __id) const;
        -:  118:#endif
        -:  119:  };
        -:  120:
        -:  121:  template<typename _Char_type>
        -:  122:    struct _State : _State_base
        -:  123:    {
        -:  124:      typedef _Matcher<_Char_type> _MatcherT;
        -:  125:      static_assert(sizeof(_MatcherT) == sizeof(_Matcher<char>),
        -:  126:		    "std::function<bool(T)> has the same size as "
        -:  127:		    "std::function<bool(char)>");
        -:  128:      static_assert(alignof(_MatcherT) == alignof(_Matcher<char>),
        -:  129:		    "std::function<bool(T)> has the same alignment as "
        -:  130:		    "std::function<bool(char)>");
        -:  131:
        -:  132:      explicit
function _ZNSt8__detail6_StateIcEC2ENS_7_OpcodeE called 19467 returned 100% blocks executed 100%
    19467:  133:      _State(_Opcode __opcode) : _State_base(__opcode)
    19467:  133-block  0
call    0 returned 19467
        -:  134:      {
    19467:  135:	if (_M_opcode() == _S_opcode_match)
call    0 returned 19467
branch  1 taken 1563 (fallthrough)
branch  2 taken 17904
     1563:  136:	  new (this->_M_matcher_storage._M_addr()) _MatcherT();
     1563:  136-block  0
call    0 returned 1563
call    1 returned 1563
    19467:  137:      }
        -:  138:
function _ZNSt8__detail6_StateIcEC2ERKS1_ called 81651 returned 100% blocks executed 89%
    81651:  139:      _State(const _State& __rhs) : _State_base(__rhs)
        -:  140:      {
    81651:  141:	if (__rhs._M_opcode() == _S_opcode_match)
    81651:  141-block  0
call    0 returned 81651
branch  1 taken 50178 (fallthrough)
branch  2 taken 31473
    50178:  142:	  new (this->_M_matcher_storage._M_addr())
call    0 returned 50178
call    1 returned 50178
call    2 returned 50178
branch  3 taken 50178 (fallthrough)
branch  4 taken 0 (throw)
    $$$$$:  142-block  0
call    5 never executed
    50178:  143:	    _MatcherT(__rhs._M_get_matcher());
    50178:  143-block  0
call    0 returned 50178
    81651:  144:      }
    81651:  144-block  0
        -:  145:
function _ZNSt8__detail6_StateIcEC2EOS1_ called 70248 returned 100% blocks executed 100%
    70248:  146:      _State(_State&& __rhs) : _State_base(__rhs)
        -:  147:      {
    70248:  148:	if (__rhs._M_opcode() == _S_opcode_match)
    70248:  148-block  0
call    0 returned 70248
branch  1 taken 36018 (fallthrough)
branch  2 taken 34230
    36018:  149:	  new (this->_M_matcher_storage._M_addr())
call    0 returned 36018
call    1 returned 36018
call    2 returned 36018
    36018:  150:	    _MatcherT(std::move(__rhs._M_get_matcher()));
    36018:  150-block  0
call    0 returned 36018
call    1 returned 36018
    70248:  151:      }
        -:  152:
        -:  153:      _State&
        -:  154:      operator=(const _State&) = delete;
        -:  155:
function _ZNSt8__detail6_StateIcED2Ev called 171366 returned 100% blocks executed 100%
   171366:  156:      ~_State()
        -:  157:      {
   171366:  158:	if (_M_opcode() == _S_opcode_match)
   171366:  158-block  0
call    0 returned 171366
branch  1 taken 87759 (fallthrough)
branch  2 taken 83607
    87759:  159:	  _M_get_matcher().~_MatcherT();
    87759:  159-block  0
call    0 returned 87759
call    1 returned 87759
   171366:  160:      }
        -:  161:
        -:  162:      // Since correct ctor and dtor rely on _M_opcode, it's better not to
        -:  163:      // change it over time.
        -:  164:      _Opcode
function _ZNKSt8__detail6_StateIcE9_M_opcodeEv called 417654 returned 100% blocks executed 100%
   417654:  165:      _M_opcode() const
   417654:  166:      { return _State_base::_M_opcode; }
   417654:  166-block  0
        -:  167:
        -:  168:      bool
function _ZNKSt8__detail6_StateIcE10_M_matchesEc called 3812 returned 100% blocks executed 100%
     3812:  169:      _M_matches(_Char_type __char) const
     3812:  170:      { return _M_get_matcher()(__char); }
     3812:  170-block  0
call    0 returned 3812
call    1 returned 3812
        -:  171:
        -:  172:      _MatcherT&
function _ZNSt8__detail6_StateIcE14_M_get_matcherEv called 125340 returned 100% blocks executed 100%
   125340:  173:      _M_get_matcher()
   125340:  174:      { return *static_cast<_MatcherT*>(this->_M_matcher_storage._M_addr()); }
   125340:  174-block  0
call    0 returned 125340
        -:  175:
        -:  176:      const _MatcherT&
function _ZNKSt8__detail6_StateIcE14_M_get_matcherEv called 53990 returned 100% blocks executed 100%
    53990:  177:      _M_get_matcher() const
        -:  178:      {
        -:  179:	return *static_cast<const _MatcherT*>(
    53990:  180:	    this->_M_matcher_storage._M_addr());
    53990:  180-block  0
call    0 returned 53990
        -:  181:      }
        -:  182:    };
        -:  183:
        -:  184:  struct _NFA_base
        -:  185:  {
        -:  186:    typedef size_t                              _SizeT;
        -:  187:    typedef regex_constants::syntax_option_type _FlagT;
        -:  188:
        -:  189:    explicit
function _ZNSt8__detail9_NFA_baseC2ENSt15regex_constants18syntax_option_typeE called 123 returned 100% blocks executed 100%
      123:  190:    _NFA_base(_FlagT __f)
      246:  191:    : _M_flags(__f), _M_start_state(0), _M_subexpr_count(0),
      123:  192:    _M_has_backref(false)
      123:  192-block  0
call    0 returned 123
      123:  193:    { }
        -:  194:
        -:  195:    _NFA_base(_NFA_base&&) = default;
        -:  196:
        -:  197:  protected:
function _ZNSt8__detail9_NFA_baseD2Ev called 123 returned 100% blocks executed 100%
      123:  198:    ~_NFA_base() = default;
      123:  198-block  0
call    0 returned 123
        -:  199:
        -:  200:  public:
        -:  201:    _FlagT
        -:  202:    _M_options() const
        -:  203:    { return _M_flags; }
        -:  204:
        -:  205:    _StateIdT
function _ZNKSt8__detail9_NFA_base8_M_startEv called 246 returned 100% blocks executed 100%
      246:  206:    _M_start() const
      246:  207:    { return _M_start_state; }
      246:  207-block  0
        -:  208:
        -:  209:    _SizeT
function _ZNKSt8__detail9_NFA_base12_M_sub_countEv called 123 returned 100% blocks executed 100%
      123:  210:    _M_sub_count() const
      123:  211:    { return _M_subexpr_count; }
      123:  211-block  0
        -:  212:
        -:  213:    _GLIBCXX_STD_C::vector<size_t> _M_paren_stack;
        -:  214:    _FlagT                    _M_flags;
        -:  215:    _StateIdT                 _M_start_state;
        -:  216:    _SizeT                    _M_subexpr_count;
        -:  217:    bool                      _M_has_backref;
        -:  218:  };
        -:  219:
        -:  220:  template<typename _TraitsT>
        -:  221:    struct _NFA
        -:  222:    : _NFA_base, _GLIBCXX_STD_C::vector<_State<typename _TraitsT::char_type>>
        -:  223:    {
        -:  224:      typedef typename _TraitsT::char_type	_Char_type;
        -:  225:      typedef _State<_Char_type>		_StateT;
        -:  226:      typedef _Matcher<_Char_type>		_MatcherT;
        -:  227:
function _ZNSt8__detail4_NFAINSt7__cxx1112regex_traitsIcEEEC2ERKSt6localeNSt15regex_constants18syntax_option_typeE called 123 returned 100% blocks executed 100%
      123:  228:      _NFA(const typename _TraitsT::locale_type& __loc, _FlagT __flags)
      123:  229:      : _NFA_base(__flags)
      123:  229-block  0
call    0 returned 123
call    1 returned 123
call    2 returned 123
      123:  230:      { _M_traits.imbue(__loc); }
call    0 returned 123
call    1 returned 123
call    2 returned 123
call    3 returned 123
        -:  231:
        -:  232:      // for performance reasons _NFA objects should only be moved not copied
        -:  233:      _NFA(const _NFA&) = delete;
        -:  234:      _NFA(_NFA&&) = default;
        -:  235:
        -:  236:      _StateIdT
function _ZNSt8__detail4_NFAINSt7__cxx1112regex_traitsIcEEE16_M_insert_acceptEv called 123 returned 100% blocks executed 75%
      123:  237:      _M_insert_accept()
        -:  238:      {
      123:  239:	auto __ret = _M_insert_state(_StateT(_S_opcode_accept));
      123:  239-block  0
call    0 returned 123
call    1 returned 123
branch  2 taken 123 (fallthrough)
branch  3 taken 0 (throw)
      123:  239-block  1
call    4 returned 123
    $$$$$:  239-block  2
call    5 never executed
      123:  240:	return __ret;
      123:  240-block  0
        -:  241:      }
        -:  242:
        -:  243:      _StateIdT
function _ZNSt8__detail4_NFAINSt7__cxx1112regex_traitsIcEEE13_M_insert_altEllb called 0 returned 0% blocks executed 0%
    #####:  244:      _M_insert_alt(_StateIdT __next, _StateIdT __alt,
        -:  245:		    bool __neg __attribute__((__unused__)))
        -:  246:      {
    #####:  247:	_StateT __tmp(_S_opcode_alternative);
    %%%%%:  247-block  0
call    0 never executed
branch  1 never executed
branch  2 never executed
        -:  248:	// It labels every quantifier to make greedy comparison easier in BFS
        -:  249:	// approach.
    #####:  250:	__tmp._M_next = __next;
    #####:  251:	__tmp._M_alt = __alt;
    #####:  252:	return _M_insert_state(std::move(__tmp));
    %%%%%:  252-block  0
call    0 never executed
call    1 never executed
branch  2 never executed
branch  3 never executed
    %%%%%:  252-block  1
call    4 never executed
branch  5 never executed
branch  6 never executed
    %%%%%:  252-block  2
    %%%%%:  252-block  3
call    7 never executed
    %%%%%:  252-block  4
    $$$$$:  252-block  5
call    8 never executed
    $$$$$:  252-block  6
    #####:  253:      }
call    0 never executed
    $$$$$:  253-block  0
call    1 never executed
        -:  254:
        -:  255:      _StateIdT
function _ZNSt8__detail4_NFAINSt7__cxx1112regex_traitsIcEEE16_M_insert_repeatEllb called 15780 returned 100% blocks executed 67%
    15780:  256:      _M_insert_repeat(_StateIdT __next, _StateIdT __alt, bool __neg)
        -:  257:      {
    15780:  258:	_StateT __tmp(_S_opcode_repeat);
    15780:  258-block  0
call    0 returned 15780
branch  1 taken 15780 (fallthrough)
branch  2 taken 0 (throw)
        -:  259:	// It labels every quantifier to make greedy comparison easier in BFS
        -:  260:	// approach.
    15780:  261:	__tmp._M_next = __next;
    15780:  262:	__tmp._M_alt = __alt;
    15780:  263:	__tmp._M_neg = __neg;
    31560:  264:	return _M_insert_state(std::move(__tmp));
    15780:  264-block  0
call    0 returned 15780
call    1 returned 15780
branch  2 taken 15780 (fallthrough)
branch  3 taken 0 (throw)
    15780:  264-block  1
call    4 returned 15780
branch  5 taken 15780 (fallthrough)
branch  6 taken 0 (throw)
    15780:  264-block  2
    15780:  264-block  3
call    7 returned 15780
    15780:  264-block  4
    $$$$$:  264-block  5
call    8 never executed
    $$$$$:  264-block  6
    15780:  265:      }
call    0 returned 15780
    $$$$$:  265-block  0
call    1 never executed
        -:  266:
        -:  267:      _StateIdT
function _ZNSt8__detail4_NFAINSt7__cxx1112regex_traitsIcEEE17_M_insert_matcherESt8functionIFbcEE called 1563 returned 100% blocks executed 72%
     1563:  268:      _M_insert_matcher(_MatcherT __m)
        -:  269:      {
     1563:  270:	_StateT __tmp(_S_opcode_match);
     1563:  270-block  0
call    0 returned 1563
branch  1 taken 1563 (fallthrough)
branch  2 taken 0 (throw)
     1563:  271:	__tmp._M_get_matcher() = std::move(__m);
     1563:  271-block  0
call    0 returned 1563
call    1 returned 1563
call    2 returned 1563
     3126:  272:	return _M_insert_state(std::move(__tmp));
call    0 returned 1563
call    1 returned 1563
branch  2 taken 1563 (fallthrough)
branch  3 taken 0 (throw)
     1563:  272-block  0
call    4 returned 1563
branch  5 taken 1563 (fallthrough)
branch  6 taken 0 (throw)
     1563:  272-block  1
     1563:  272-block  2
call    7 returned 1563
     1563:  272-block  3
    $$$$$:  272-block  4
call    8 never executed
    $$$$$:  272-block  5
     1563:  273:      }
call    0 returned 1563
    $$$$$:  273-block  0
call    1 never executed
        -:  274:
        -:  275:      _StateIdT
function _ZNSt8__detail4_NFAINSt7__cxx1112regex_traitsIcEEE23_M_insert_subexpr_beginEv called 243 returned 100% blocks executed 69%
      243:  276:      _M_insert_subexpr_begin()
        -:  277:      {
      243:  278:	auto __id = this->_M_subexpr_count++;
      243:  279:	this->_M_paren_stack.push_back(__id);
      243:  279-block  0
call    0 returned 243
branch  1 taken 243 (fallthrough)
branch  2 taken 0 (throw)
      243:  280:	_StateT __tmp(_S_opcode_subexpr_begin);
      243:  280-block  0
call    0 returned 243
branch  1 taken 243 (fallthrough)
branch  2 taken 0 (throw)
      243:  281:	__tmp._M_subexpr = __id;
      486:  282:	return _M_insert_state(std::move(__tmp));
      243:  282-block  0
call    0 returned 243
call    1 returned 243
branch  2 taken 243 (fallthrough)
branch  3 taken 0 (throw)
      243:  282-block  1
call    4 returned 243
branch  5 taken 243 (fallthrough)
branch  6 taken 0 (throw)
      243:  282-block  2
      243:  282-block  3
call    7 returned 243
      243:  282-block  4
    $$$$$:  282-block  5
call    8 never executed
    $$$$$:  282-block  6
      243:  283:      }
call    0 returned 243
    $$$$$:  283-block  0
call    1 never executed
        -:  284:
        -:  285:      _StateIdT
function _ZNSt8__detail4_NFAINSt7__cxx1112regex_traitsIcEEE21_M_insert_subexpr_endEv called 243 returned 100% blocks executed 71%
      243:  286:      _M_insert_subexpr_end()
        -:  287:      {
      243:  288:	_StateT __tmp(_S_opcode_subexpr_end);
      243:  288-block  0
call    0 returned 243
branch  1 taken 243 (fallthrough)
branch  2 taken 0 (throw)
      243:  289:	__tmp._M_subexpr = this->_M_paren_stack.back();
      243:  289-block  0
call    0 returned 243
      243:  290:	this->_M_paren_stack.pop_back();
call    0 returned 243
      486:  291:	return _M_insert_state(std::move(__tmp));
call    0 returned 243
call    1 returned 243
branch  2 taken 243 (fallthrough)
branch  3 taken 0 (throw)
      243:  291-block  0
call    4 returned 243
branch  5 taken 243 (fallthrough)
branch  6 taken 0 (throw)
      243:  291-block  1
      243:  291-block  2
call    7 returned 243
      243:  291-block  3
    $$$$$:  291-block  4
call    8 never executed
    $$$$$:  291-block  5
      243:  292:      }
call    0 returned 243
    $$$$$:  292-block  0
call    1 never executed
        -:  293:
        -:  294:      _StateIdT
        -:  295:      _M_insert_backref(size_t __index);
        -:  296:
        -:  297:      _StateIdT
function _ZNSt8__detail4_NFAINSt7__cxx1112regex_traitsIcEEE20_M_insert_line_beginEv called 123 returned 100% blocks executed 78%
      123:  298:      _M_insert_line_begin()
      123:  299:      { return _M_insert_state(_StateT(_S_opcode_line_begin_assertion)); }
      123:  299-block  0
call    0 returned 123
call    1 returned 123
branch  2 taken 123 (fallthrough)
branch  3 taken 0 (throw)
      123:  299-block  1
      123:  299-block  2
call    4 returned 123
      123:  299-block  3
    $$$$$:  299-block  4
call    5 never executed
        -:  300:
        -:  301:      _StateIdT
function _ZNSt8__detail4_NFAINSt7__cxx1112regex_traitsIcEEE18_M_insert_line_endEv called 123 returned 100% blocks executed 78%
      123:  302:      _M_insert_line_end()
      123:  303:      { return _M_insert_state(_StateT(_S_opcode_line_end_assertion)); }
      123:  303-block  0
call    0 returned 123
call    1 returned 123
branch  2 taken 123 (fallthrough)
branch  3 taken 0 (throw)
      123:  303-block  1
      123:  303-block  2
call    4 returned 123
      123:  303-block  3
    $$$$$:  303-block  4
call    5 never executed
        -:  304:
        -:  305:      _StateIdT
function _ZNSt8__detail4_NFAINSt7__cxx1112regex_traitsIcEEE20_M_insert_word_boundEb called 60 returned 100% blocks executed 67%
       60:  306:      _M_insert_word_bound(bool __neg)
        -:  307:      {
       60:  308:	_StateT __tmp(_S_opcode_word_boundary);
       60:  308-block  0
call    0 returned 60
branch  1 taken 60 (fallthrough)
branch  2 taken 0 (throw)
       60:  309:	__tmp._M_neg = __neg;
      120:  310:	return _M_insert_state(std::move(__tmp));
       60:  310-block  0
call    0 returned 60
call    1 returned 60
branch  2 taken 60 (fallthrough)
branch  3 taken 0 (throw)
       60:  310-block  1
call    4 returned 60
branch  5 taken 60 (fallthrough)
branch  6 taken 0 (throw)
       60:  310-block  2
       60:  310-block  3
call    7 returned 60
       60:  310-block  4
    $$$$$:  310-block  5
call    8 never executed
    $$$$$:  310-block  6
       60:  311:      }
call    0 returned 60
    $$$$$:  311-block  0
call    1 never executed
        -:  312:
        -:  313:      _StateIdT
function _ZNSt8__detail4_NFAINSt7__cxx1112regex_traitsIcEEE19_M_insert_lookaheadElb called 0 returned 0% blocks executed 0%
    #####:  314:      _M_insert_lookahead(_StateIdT __alt, bool __neg)
        -:  315:      {
    #####:  316:	_StateT __tmp(_S_opcode_subexpr_lookahead);
    %%%%%:  316-block  0
call    0 never executed
branch  1 never executed
branch  2 never executed
    #####:  317:	__tmp._M_alt = __alt;
    #####:  318:	__tmp._M_neg = __neg;
    #####:  319:	return _M_insert_state(std::move(__tmp));
    %%%%%:  319-block  0
call    0 never executed
call    1 never executed
branch  2 never executed
branch  3 never executed
    %%%%%:  319-block  1
call    4 never executed
branch  5 never executed
branch  6 never executed
    %%%%%:  319-block  2
    %%%%%:  319-block  3
call    7 never executed
    %%%%%:  319-block  4
    $$$$$:  319-block  5
call    8 never executed
    $$$$$:  319-block  6
    #####:  320:      }
call    0 never executed
    $$$$$:  320-block  0
call    1 never executed
        -:  321:
        -:  322:      _StateIdT
function _ZNSt8__detail4_NFAINSt7__cxx1112regex_traitsIcEEE15_M_insert_dummyEv called 1209 returned 100% blocks executed 78%
     1209:  323:      _M_insert_dummy()
     1209:  324:      { return _M_insert_state(_StateT(_S_opcode_dummy)); }
     1209:  324-block  0
call    0 returned 1209
call    1 returned 1209
branch  2 taken 1209 (fallthrough)
branch  3 taken 0 (throw)
     1209:  324-block  1
     1209:  324-block  2
call    4 returned 1209
     1209:  324-block  3
    $$$$$:  324-block  4
call    5 never executed
        -:  325:
        -:  326:      _StateIdT
function _ZNSt8__detail4_NFAINSt7__cxx1112regex_traitsIcEEE15_M_insert_stateENS_6_StateIcEE called 35913 returned 100% blocks executed 88%
    35913:  327:      _M_insert_state(_StateT __s)
        -:  328:      {
    35913:  329:	this->push_back(std::move(__s));
    35913:  329-block  0
call    0 returned 35913
call    1 returned 35913
    35913:  330:	if (this->size() > _GLIBCXX_REGEX_STATE_LIMIT)
call    0 returned 35913
branch  1 taken 0 (fallthrough)
branch  2 taken 35913
    #####:  331:	  __throw_regex_error(
    %%%%%:  331-block  0
call    0 never executed
        -:  332:	    regex_constants::error_space,
        -:  333:	    "Number of NFA states exceeds limit. Please use shorter regex "
        -:  334:	    "string, or use smaller brace expression, or make "
        -:  335:	    "_GLIBCXX_REGEX_STATE_LIMIT larger.");
    35913:  336:	return this->size() - 1;
    35913:  336-block  0
call    0 returned 35913
        -:  337:      }
        -:  338:
        -:  339:      // Eliminate dummy node in this NFA to make it compact.
        -:  340:      void
        -:  341:      _M_eliminate_dummy();
        -:  342:
        -:  343:#ifdef _GLIBCXX_DEBUG
        -:  344:      std::ostream&
        -:  345:      _M_dot(std::ostream& __ostr) const;
        -:  346:#endif
        -:  347:    public:
        -:  348:      _TraitsT                  _M_traits;
        -:  349:    };
        -:  350:
        -:  351:  /// Describes a sequence of one or more %_State, its current start
        -:  352:  /// and end(s).  This structure contains fragments of an NFA during
        -:  353:  /// construction.
        -:  354:  template<typename _TraitsT>
        -:  355:    class _StateSeq
        -:  356:    {
        -:  357:    public:
        -:  358:      typedef _NFA<_TraitsT> _RegexT;
        -:  359:
        -:  360:    public:
function _ZNSt8__detail9_StateSeqINSt7__cxx1112regex_traitsIcEEEC2ERNS_4_NFAIS3_EEl called 2958 returned 100% blocks executed 100%
     2958:  361:      _StateSeq(_RegexT& __nfa, _StateIdT __s)
     2958:  362:      : _M_nfa(__nfa), _M_start(__s), _M_end(__s)
     2958:  363:      { }
        -:  364:
function _ZNSt8__detail9_StateSeqINSt7__cxx1112regex_traitsIcEEEC2ERNS_4_NFAIS3_EEll called 32046 returned 100% blocks executed 100%
    32046:  365:      _StateSeq(_RegexT& __nfa, _StateIdT __s, _StateIdT __end)
    32046:  366:      : _M_nfa(__nfa), _M_start(__s), _M_end(__end)
    32046:  367:      { }
        -:  368:
        -:  369:      // Append a state on *this and change *this to the new sequence.
        -:  370:      void
function _ZNSt8__detail9_StateSeqINSt7__cxx1112regex_traitsIcEEE9_M_appendEl called 1152 returned 100% blocks executed 100%
     1152:  371:      _M_append(_StateIdT __id)
        -:  372:      {
     1152:  373:	_M_nfa[_M_end]._M_next = __id;
     1152:  373-block  0
call    0 returned 1152
     1152:  374:	_M_end = __id;
     1152:  375:      }
        -:  376:
        -:  377:      // Append a sequence on *this and change *this to the new sequence.
        -:  378:      void
function _ZNSt8__detail9_StateSeqINSt7__cxx1112regex_traitsIcEEE9_M_appendERKS4_ called 18738 returned 100% blocks executed 100%
    18738:  379:      _M_append(const _StateSeq& __s)
        -:  380:      {
    18738:  381:	_M_nfa[_M_end]._M_next = __s._M_start;
    18738:  381-block  0
call    0 returned 18738
    18738:  382:	_M_end = __s._M_end;
    18738:  383:      }
        -:  384:
        -:  385:      // Clones an entire sequence.
        -:  386:      _StateSeq
        -:  387:      _M_clone();
        -:  388:
        -:  389:    public:
        -:  390:      _RegexT&  _M_nfa;
        -:  391:      _StateIdT _M_start;
        -:  392:      _StateIdT _M_end;
        -:  393:    };
        -:  394:
        -:  395: ///@} regex-detail
        -:  396:} // namespace __detail
        -:  397:
        -:  398:_GLIBCXX_END_NAMESPACE_VERSION
        -:  399:} // namespace std
        -:  400:
        -:  401:#include <bits/regex_automaton.tcc>
