        -:    0:Source:/usr/include/c++/11/bits/regex_compiler.tcc
        -:    0:Graph:/home/ioana/second_semester/oop/assignments/a6-913-Gabor-Ioana-1/cmake-build-debug-coverage/CMakeFiles/a6_913_Gabor_Ioana_1.dir/ui/ConsoleUI.cpp.gcno
        -:    0:Data:/home/ioana/second_semester/oop/assignments/a6-913-Gabor-Ioana-1/cmake-build-debug-coverage/CMakeFiles/a6_913_Gabor_Ioana_1.dir/ui/ConsoleUI.cpp.gcda
        -:    0:Runs:1
        -:    1:// class template regex -*- C++ -*-
        -:    2:
        -:    3:// Copyright (C) 2013-2021 Free Software Foundation, Inc.
        -:    4://
        -:    5:// This file is part of the GNU ISO C++ Library.  This library is free
        -:    6:// software; you can redistribute it and/or modify it under the
        -:    7:// terms of the GNU General Public License as published by the
        -:    8:// Free Software Foundation; either version 3, or (at your option)
        -:    9:// any later version.
        -:   10:
        -:   11:// This library is distributed in the hope that it will be useful,
        -:   12:// but WITHOUT ANY WARRANTY; without even the implied warranty of
        -:   13:// MERCHANTABILITY or FITNESS FOR A PARTICULAR PURPOSE.  See the
        -:   14:// GNU General Public License for more details.
        -:   15:
        -:   16:// Under Section 7 of GPL version 3, you are granted additional
        -:   17:// permissions described in the GCC Runtime Library Exception, version
        -:   18:// 3.1, as published by the Free Software Foundation.
        -:   19:
        -:   20:// You should have received a copy of the GNU General Public License and
        -:   21:// a copy of the GCC Runtime Library Exception along with this program;
        -:   22:// see the files COPYING3 and COPYING.RUNTIME respectively.  If not, see
        -:   23:// <http://www.gnu.org/licenses/>.
        -:   24:
        -:   25:/**
        -:   26: *  @file bits/regex_compiler.tcc
        -:   27: *  This is an internal header file, included by other library headers.
        -:   28: *  Do not attempt to use it directly. @headername{regex}
        -:   29: */
        -:   30:
        -:   31:// FIXME make comments doxygen format.
        -:   32:
        -:   33:/*
        -:   34:// This compiler refers to "Regular Expression Matching Can Be Simple And Fast"
        -:   35:// (http://swtch.com/~rsc/regexp/regexp1.html),
        -:   36:// but doesn't strictly follow it.
        -:   37://
        -:   38:// When compiling, states are *chained* instead of tree- or graph-constructed.
        -:   39:// It's more like structured programs: there's if statement and loop statement.
        -:   40://
        -:   41:// For alternative structure (say "a|b"), aka "if statement", two branches
        -:   42:// should be constructed. However, these two shall merge to an "end_tag" at
        -:   43:// the end of this operator:
        -:   44://
        -:   45://                branch1
        -:   46://              /        \
        -:   47:// => begin_tag            end_tag =>
        -:   48://              \        /
        -:   49://                branch2
        -:   50://
        -:   51:// This is the difference between this implementation and that in Russ's
        -:   52:// article.
        -:   53://
        -:   54:// That's why we introduced dummy node here ------ "end_tag" is a dummy node.
        -:   55:// All dummy nodes will be eliminated at the end of compilation.
        -:   56:*/
        -:   57:
        -:   58:namespace std _GLIBCXX_VISIBILITY(default)
        -:   59:{
        -:   60:_GLIBCXX_BEGIN_NAMESPACE_VERSION
        -:   61:
        -:   62:namespace __detail
        -:   63:{
        -:   64:  template<typename _TraitsT>
function _ZNSt8__detail9_CompilerINSt7__cxx1112regex_traitsIcEEEC2EPKcS6_RKSt6localeNSt15regex_constants18syntax_option_typeE called 123 returned 100% blocks executed 74%
      123:   65:    _Compiler<_TraitsT>::
        -:   66:    _Compiler(_IterT __b, _IterT __e,
        -:   67:	      const typename _TraitsT::locale_type& __loc, _FlagT __flags)
      123:   68:    : _M_flags((__flags
      123:   69:		& (regex_constants::ECMAScript
      123:   69-block  0
call    0 returned 123
call    1 returned 123
call    2 returned 123
call    3 returned 123
call    4 returned 123
call    5 returned 123
        -:   70:		   | regex_constants::basic
        -:   71:		   | regex_constants::extended
        -:   72:		   | regex_constants::grep
        -:   73:		   | regex_constants::egrep
        -:   74:		   | regex_constants::awk))
      123:   75:	       ? __flags
branch  0 taken 0 (fallthrough)
branch  1 taken 123
      123:   75-block  0
    #####:   76:	       : __flags | regex_constants::ECMAScript),
    %%%%%:   76-block  0
call    0 never executed
      123:   77:      _M_scanner(__b, __e, _M_flags, __loc),
      123:   77-block  0
call    0 returned 123
call    1 returned 123
branch  2 taken 123 (fallthrough)
branch  3 taken 0 (throw)
      123:   77-block  1
call    4 returned 123
    $$$$$:   77-block  2
call    5 never executed
    $$$$$:   77-block  3
call    6 never executed
      123:   78:      _M_nfa(make_shared<_RegexT>(__loc, _M_flags)),
call    0 returned 123
branch  1 taken 123 (fallthrough)
branch  2 taken 0 (throw)
      123:   79:      _M_traits(_M_nfa->_M_traits),
      123:   79-block  0
call    0 returned 123
      246:   80:      _M_ctype(std::use_facet<_CtypeT>(__loc))
      123:   80-block  0
call    0 returned 123
call    1 returned 123
branch  2 taken 123 (fallthrough)
branch  3 taken 0 (throw)
call    4 returned 123
branch  5 taken 123 (fallthrough)
branch  6 taken 0 (throw)
        -:   81:    {
      123:   82:      _StateSeqT __r(*_M_nfa, _M_nfa->_M_start());
      123:   82-block  0
call    0 returned 123
call    1 returned 123
call    2 returned 123
call    3 returned 123
      123:   83:      __r._M_append(_M_nfa->_M_insert_subexpr_begin());
call    0 returned 123
call    1 returned 123
branch  2 taken 123 (fallthrough)
branch  3 taken 0 (throw)
      123:   83-block  0
call    4 returned 123
      123:   84:      this->_M_disjunction();
call    0 returned 123
branch  1 taken 123 (fallthrough)
branch  2 taken 0 (throw)
      123:   85:      if (!_M_match_token(_ScannerT::_S_token_eof))
      123:   85-block  0
call    0 returned 123
branch  1 taken 123 (fallthrough)
branch  2 taken 0 (throw)
      123:   85-block  1
branch  3 taken 0 (fallthrough)
branch  4 taken 123
    #####:   86:	__throw_regex_error(regex_constants::error_paren);
    %%%%%:   86-block  0
call    0 never executed
branch  1 never executed
branch  2 never executed
      123:   87:      __r._M_append(_M_pop());
      123:   87-block  0
call    0 returned 123
branch  1 taken 123 (fallthrough)
branch  2 taken 0 (throw)
      123:   87-block  1
call    3 returned 123
     123*:   88:      __glibcxx_assert(_M_stack.empty());
      123:   88-block  0
branch  0 taken 0 (fallthrough)
branch  1 taken 123
    %%%%%:   88-block  1
call    2 never executed
      123:   89:      __r._M_append(_M_nfa->_M_insert_subexpr_end());
      123:   89-block  0
call    0 returned 123
call    1 returned 123
branch  2 taken 123 (fallthrough)
branch  3 taken 0 (throw)
      123:   89-block  1
call    4 returned 123
      123:   90:      __r._M_append(_M_nfa->_M_insert_accept());
call    0 returned 123
call    1 returned 123
branch  2 taken 123 (fallthrough)
branch  3 taken 0 (throw)
      123:   90-block  0
call    4 returned 123
      123:   91:      _M_nfa->_M_eliminate_dummy();
call    0 returned 123
call    1 returned 123
branch  2 taken 123 (fallthrough)
branch  3 taken 0 (throw)
      123:   92:    }
      123:   92-block  0
    $$$$$:   92-block  1
call    0 never executed
    $$$$$:   92-block  2
call    1 never executed
    $$$$$:   92-block  3
call    2 never executed
    $$$$$:   92-block  4
call    3 never executed
        -:   93:
        -:   94:  template<typename _TraitsT>
        -:   95:    void
function _ZNSt8__detail9_CompilerINSt7__cxx1112regex_traitsIcEEE14_M_disjunctionEv called 243 returned 100% blocks executed 30%
      243:   96:    _Compiler<_TraitsT>::
        -:   97:    _M_disjunction()
        -:   98:    {
      243:   99:      this->_M_alternative();
      243:   99-block  0
call    0 returned 243
      243:  100:      while (_M_match_token(_ScannerT::_S_token_or))
      243:  100-block  0
call    0 returned 243
branch  1 taken 0
branch  2 taken 243 (fallthrough)
        -:  101:	{
    #####:  102:	  _StateSeqT __alt1 = _M_pop();
    %%%%%:  102-block  0
call    0 never executed
branch  1 never executed
branch  2 never executed
    #####:  103:	  this->_M_alternative();
    %%%%%:  103-block  0
call    0 never executed
branch  1 never executed
branch  2 never executed
    #####:  104:	  _StateSeqT __alt2 = _M_pop();
    %%%%%:  104-block  0
call    0 never executed
branch  1 never executed
branch  2 never executed
    #####:  105:	  auto __end = _M_nfa->_M_insert_dummy();
    %%%%%:  105-block  0
call    0 never executed
call    1 never executed
branch  2 never executed
branch  3 never executed
    #####:  106:	  __alt1._M_append(__end);
    %%%%%:  106-block  0
call    0 never executed
    #####:  107:	  __alt2._M_append(__end);
call    0 never executed
        -:  108:	  // __alt2 is state._M_next, __alt1 is state._M_alt. The executor
        -:  109:	  // executes _M_alt before _M_next, as well as executing left
        -:  110:	  // alternative before right one.
    #####:  111:	  _M_stack.push(_StateSeqT(*_M_nfa,
call    0 never executed
branch  1 never executed
branch  2 never executed
    %%%%%:  111-block  0
call    3 never executed
call    4 never executed
call    5 never executed
branch  6 never executed
branch  7 never executed
    %%%%%:  111-block  1
    $$$$$:  111-block  2
    #####:  112:				   _M_nfa->_M_insert_alt(
call    0 never executed
        -:  113:				     __alt2._M_start, __alt1._M_start, false),
        -:  114:				   __end));
        -:  115:	}
      243:  116:    }
      243:  116-block  0
        -:  117:
        -:  118:  template<typename _TraitsT>
        -:  119:    void
function _ZNSt8__detail9_CompilerINSt7__cxx1112regex_traitsIcEEE14_M_alternativeEv called 2232 returned 100% blocks executed 94%
     2232:  120:    _Compiler<_TraitsT>::
        -:  121:    _M_alternative()
        -:  122:    {
     2232:  123:      if (this->_M_term())
     2232:  123-block  0
call    0 returned 2232
branch  1 taken 1989 (fallthrough)
branch  2 taken 243
        -:  124:	{
     1989:  125:	  _StateSeqT __re = _M_pop();
     1989:  125-block  0
call    0 returned 1989
branch  1 taken 1989 (fallthrough)
branch  2 taken 0 (throw)
     1989:  126:	  this->_M_alternative();
     1989:  126-block  0
call    0 returned 1989
branch  1 taken 1989 (fallthrough)
branch  2 taken 0 (throw)
     1989:  127:	  __re._M_append(_M_pop());
     1989:  127-block  0
call    0 returned 1989
branch  1 taken 1989 (fallthrough)
branch  2 taken 0 (throw)
     1989:  127-block  1
call    3 returned 1989
     1989:  128:	  _M_stack.push(__re);
call    0 returned 1989
branch  1 taken 1989 (fallthrough)
branch  2 taken 0 (throw)
        -:  129:	}
        -:  130:      else
      243:  131:	_M_stack.push(_StateSeqT(*_M_nfa, _M_nfa->_M_insert_dummy()));
      243:  131-block  0
call    0 returned 243
call    1 returned 243
call    2 returned 243
call    3 returned 243
call    4 returned 243
branch  5 taken 243 (fallthrough)
branch  6 taken 0 (throw)
      243:  131-block  1
     2232:  132:    }
     2232:  132-block  0
        -:  133:
        -:  134:  template<typename _TraitsT>
        -:  135:    bool
function _ZNSt8__detail9_CompilerINSt7__cxx1112regex_traitsIcEEE7_M_termEv called 2232 returned 100% blocks executed 100%
     2232:  136:    _Compiler<_TraitsT>::
        -:  137:    _M_term()
        -:  138:    {
     2232:  139:      if (this->_M_assertion())
     2232:  139-block  0
call    0 returned 2232
branch  1 taken 306 (fallthrough)
branch  2 taken 1926
      306:  140:	return true;
      306:  140-block  0
     1926:  141:      if (this->_M_atom())
     1926:  141-block  0
call    0 returned 1926
branch  1 taken 1683 (fallthrough)
branch  2 taken 243
        -:  142:	{
     2286:  143:	  while (this->_M_quantifier());
     1683:  143-block  0
     2286:  143-block  1
call    0 returned 2286
branch  1 taken 603
branch  2 taken 1683 (fallthrough)
     1683:  144:	  return true;
     1683:  144-block  0
        -:  145:	}
      243:  146:      return false;
      243:  146-block  0
        -:  147:    }
        -:  148:
        -:  149:  template<typename _TraitsT>
        -:  150:    bool
function _ZNSt8__detail9_CompilerINSt7__cxx1112regex_traitsIcEEE12_M_assertionEv called 2232 returned 100% blocks executed 62%
     2232:  151:    _Compiler<_TraitsT>::
        -:  152:    _M_assertion()
        -:  153:    {
     2232:  154:      if (_M_match_token(_ScannerT::_S_token_line_begin))
     2232:  154-block  0
call    0 returned 2232
branch  1 taken 123 (fallthrough)
branch  2 taken 2109
      123:  155:	_M_stack.push(_StateSeqT(*_M_nfa, _M_nfa->_M_insert_line_begin()));
      123:  155-block  0
call    0 returned 123
call    1 returned 123
call    2 returned 123
call    3 returned 123
call    4 returned 123
branch  5 taken 123 (fallthrough)
branch  6 taken 0 (throw)
      123:  155-block  1
    $$$$$:  155-block  2
call    7 never executed
     2109:  156:      else if (_M_match_token(_ScannerT::_S_token_line_end))
     2109:  156-block  0
call    0 returned 2109
branch  1 taken 123 (fallthrough)
branch  2 taken 1986
      123:  157:	_M_stack.push(_StateSeqT(*_M_nfa, _M_nfa->_M_insert_line_end()));
      123:  157-block  0
call    0 returned 123
call    1 returned 123
call    2 returned 123
call    3 returned 123
call    4 returned 123
branch  5 taken 123 (fallthrough)
branch  6 taken 0 (throw)
      123:  157-block  1
    $$$$$:  157-block  2
call    7 never executed
     1986:  158:      else if (_M_match_token(_ScannerT::_S_token_word_bound))
     1986:  158-block  0
call    0 returned 1986
branch  1 taken 60 (fallthrough)
branch  2 taken 1926
        -:  159:	// _M_value[0] == 'n' means it's negative, say "not word boundary".
      120:  160:	_M_stack.push(_StateSeqT(*_M_nfa, _M_nfa->
       60:  160-block  0
call    0 returned 60
call    1 returned 60
call    2 returned 60
call    3 returned 60
branch  4 taken 60 (fallthrough)
branch  5 taken 0 (throw)
       60:  160-block  1
    $$$$$:  160-block  2
call    6 never executed
       60:  161:	      _M_insert_word_bound(_M_value[0] == 'n')));
call    0 returned 60
call    1 returned 60
     1926:  162:      else if (_M_match_token(_ScannerT::_S_token_subexpr_lookahead_begin))
     1926:  162-block  0
call    0 returned 1926
branch  1 taken 0 (fallthrough)
branch  2 taken 1926
        -:  163:	{
    #####:  164:	  auto __neg = _M_value[0] == 'n';
    %%%%%:  164-block  0
call    0 never executed
branch  1 never executed
branch  2 never executed
    #####:  165:	  this->_M_disjunction();
    %%%%%:  165-block  0
call    0 never executed
branch  1 never executed
branch  2 never executed
    #####:  166:	  if (!_M_match_token(_ScannerT::_S_token_subexpr_end))
    %%%%%:  166-block  0
call    0 never executed
branch  1 never executed
branch  2 never executed
    %%%%%:  166-block  1
branch  3 never executed
branch  4 never executed
    #####:  167:	    __throw_regex_error(regex_constants::error_paren,
    %%%%%:  167-block  0
call    0 never executed
branch  1 never executed
branch  2 never executed
        -:  168:				"Parenthesis is not closed.");
    #####:  169:	  auto __tmp = _M_pop();
    %%%%%:  169-block  0
call    0 never executed
branch  1 never executed
branch  2 never executed
    #####:  170:	  __tmp._M_append(_M_nfa->_M_insert_accept());
    %%%%%:  170-block  0
call    0 never executed
call    1 never executed
branch  2 never executed
branch  3 never executed
    %%%%%:  170-block  1
call    4 never executed
    #####:  171:	  _M_stack.push(
call    0 never executed
branch  1 never executed
branch  2 never executed
    #####:  172:	      _StateSeqT(
call    0 never executed
branch  1 never executed
branch  2 never executed
call    3 never executed
    %%%%%:  172-block  0
    $$$$$:  172-block  1
    #####:  173:		*_M_nfa,
    %%%%%:  173-block  0
call    0 never executed
    #####:  174:		_M_nfa->_M_insert_lookahead(__tmp._M_start, __neg)));
call    0 never executed
        -:  175:	}
        -:  176:      else
     1926:  177:	return false;
     1926:  177-block  0
      306:  178:      return true;
      306:  178-block  0
        -:  179:    }
        -:  180:
        -:  181:  template<typename _TraitsT>
        -:  182:    bool
function _ZNSt8__detail9_CompilerINSt7__cxx1112regex_traitsIcEEE13_M_quantifierEv called 2286 returned 100% blocks executed 75%
     2286:  183:    _Compiler<_TraitsT>::
        -:  184:    _M_quantifier()
        -:  185:    {
     2286:  186:      bool __neg = (_M_flags & regex_constants::ECMAScript);
     2286:  186-block  0
call    0 returned 2286
function _ZZNSt8__detail9_CompilerINSt7__cxx1112regex_traitsIcEEE13_M_quantifierEvENKUlvE_clEv called 180 returned 100% blocks executed 78%
     3006:  187:      auto __init = [this, &__neg]()
        -:  188:	{
      180:  189:	  if (_M_stack.empty())
      180:  189-block  0
call    0 returned 180
branch  1 taken 0 (fallthrough)
branch  2 taken 180
    #####:  190:	    __throw_regex_error(regex_constants::error_badrepeat,
    %%%%%:  190-block  0
call    0 never executed
        -:  191:				"Nothing to repeat before a quantifier.");
     180*:  192:	  __neg = __neg && _M_match_token(_ScannerT::_S_token_opt);
      180:  192-block  0
branch  0 taken 180 (fallthrough)
branch  1 taken 0
      180:  192-block  1
call    2 returned 180
branch  3 taken 0 (fallthrough)
branch  4 taken 180
    %%%%%:  192-block  2
      180:  192-block  3
        -:  193:	};
     2286:  194:      if (_M_match_token(_ScannerT::_S_token_closure0))
call    0 returned 2286
branch  1 taken 2286 (fallthrough)
branch  2 taken 0 (throw)
     2286:  194-block  0
branch  3 taken 60 (fallthrough)
branch  4 taken 2226
        -:  195:	{
       60:  196:	  __init();
       60:  196-block  0
call    0 returned 60
branch  1 taken 60 (fallthrough)
branch  2 taken 0 (throw)
       60:  197:	  auto __e = _M_pop();
       60:  197-block  0
call    0 returned 60
branch  1 taken 60 (fallthrough)
branch  2 taken 0 (throw)
       60:  198:	  _StateSeqT __r(*_M_nfa,
call    0 returned 60
branch  1 taken 60 (fallthrough)
branch  2 taken 0 (throw)
       60:  198-block  0
call    3 returned 60
call    4 returned 60
       60:  199:			 _M_nfa->_M_insert_repeat(_S_invalid_state_id,
       60:  199-block  0
call    0 returned 60
        -:  200:						  __e._M_start, __neg));
       60:  201:	  __e._M_append(__r);
call    0 returned 60
       60:  202:	  _M_stack.push(__r);
call    0 returned 60
branch  1 taken 60 (fallthrough)
branch  2 taken 0 (throw)
        -:  203:	}
     2226:  204:      else if (_M_match_token(_ScannerT::_S_token_closure1))
     2226:  204-block  0
call    0 returned 2226
branch  1 taken 2226 (fallthrough)
branch  2 taken 0 (throw)
     2226:  204-block  1
branch  3 taken 0 (fallthrough)
branch  4 taken 2226
        -:  205:	{
    #####:  206:	  __init();
    %%%%%:  206-block  0
call    0 never executed
branch  1 never executed
branch  2 never executed
    #####:  207:	  auto __e = _M_pop();
    %%%%%:  207-block  0
call    0 never executed
branch  1 never executed
branch  2 never executed
    #####:  208:	  __e._M_append(_M_nfa->_M_insert_repeat(_S_invalid_state_id,
    %%%%%:  208-block  0
call    0 never executed
call    1 never executed
branch  2 never executed
branch  3 never executed
    %%%%%:  208-block  1
call    4 never executed
        -:  209:						 __e._M_start, __neg));
    #####:  210:	  _M_stack.push(__e);
call    0 never executed
branch  1 never executed
branch  2 never executed
        -:  211:	}
     2226:  212:      else if (_M_match_token(_ScannerT::_S_token_opt))
     2226:  212-block  0
call    0 returned 2226
branch  1 taken 2226 (fallthrough)
branch  2 taken 0 (throw)
     2226:  212-block  1
branch  3 taken 120 (fallthrough)
branch  4 taken 2106
        -:  213:	{
      120:  214:	  __init();
      120:  214-block  0
call    0 returned 120
branch  1 taken 120 (fallthrough)
branch  2 taken 0 (throw)
      120:  215:	  auto __e = _M_pop();
      120:  215-block  0
call    0 returned 120
branch  1 taken 120 (fallthrough)
branch  2 taken 0 (throw)
      120:  216:	  auto __end = _M_nfa->_M_insert_dummy();
      120:  216-block  0
call    0 returned 120
call    1 returned 120
branch  2 taken 120 (fallthrough)
branch  3 taken 0 (throw)
      120:  217:	  _StateSeqT __r(*_M_nfa,
call    0 returned 120
branch  1 taken 120 (fallthrough)
branch  2 taken 0 (throw)
      120:  217-block  0
call    3 returned 120
call    4 returned 120
      120:  218:			 _M_nfa->_M_insert_repeat(_S_invalid_state_id,
      120:  218-block  0
call    0 returned 120
        -:  219:						  __e._M_start, __neg));
      120:  220:	  __e._M_append(__end);
call    0 returned 120
      120:  221:	  __r._M_append(__end);
call    0 returned 120
      120:  222:	  _M_stack.push(__r);
call    0 returned 120
branch  1 taken 120 (fallthrough)
branch  2 taken 0 (throw)
        -:  223:	}
     2106:  224:      else if (_M_match_token(_ScannerT::_S_token_interval_begin))
     2106:  224-block  0
call    0 returned 2106
branch  1 taken 2106 (fallthrough)
branch  2 taken 0 (throw)
     2106:  224-block  1
branch  3 taken 423 (fallthrough)
branch  4 taken 1683
        -:  225:	{
      423:  226:	  if (_M_stack.empty())
      423:  226-block  0
call    0 returned 423
branch  1 taken 0 (fallthrough)
branch  2 taken 423
    #####:  227:	    __throw_regex_error(regex_constants::error_badrepeat,
    %%%%%:  227-block  0
call    0 never executed
branch  1 never executed
branch  2 never executed
        -:  228:				"Nothing to repeat before a quantifier.");
      423:  229:	  if (!_M_match_token(_ScannerT::_S_token_dup_count))
      423:  229-block  0
call    0 returned 423
branch  1 taken 423 (fallthrough)
branch  2 taken 0 (throw)
      423:  229-block  1
branch  3 taken 0 (fallthrough)
branch  4 taken 423
    #####:  230:	    __throw_regex_error(regex_constants::error_badbrace,
    %%%%%:  230-block  0
call    0 never executed
branch  1 never executed
branch  2 never executed
        -:  231:				"Unexpected token in brace expression.");
      423:  232:	  _StateSeqT __r(_M_pop());
      423:  232-block  0
call    0 returned 423
branch  1 taken 423 (fallthrough)
branch  2 taken 0 (throw)
      423:  233:	  _StateSeqT __e(*_M_nfa, _M_nfa->_M_insert_dummy());
      423:  233-block  0
call    0 returned 423
call    1 returned 423
branch  2 taken 423 (fallthrough)
branch  3 taken 0 (throw)
      423:  233-block  1
call    4 returned 423
call    5 returned 423
      423:  234:	  long __min_rep = _M_cur_int_value(10);
call    0 returned 423
branch  1 taken 423 (fallthrough)
branch  2 taken 0 (throw)
      423:  235:	  bool __infi = false;
      423:  236:	  long __n = 0;
        -:  237:
        -:  238:	  // {3
      423:  239:	  if (_M_match_token(_ScannerT::_S_token_comma))
      423:  239-block  0
call    0 returned 423
branch  1 taken 423 (fallthrough)
branch  2 taken 0 (throw)
      423:  239-block  1
branch  3 taken 120 (fallthrough)
branch  4 taken 303
        -:  240:	    {
      120:  241:	      if (_M_match_token(_ScannerT::_S_token_dup_count)) // {3,7}
      120:  241-block  0
call    0 returned 120
branch  1 taken 120 (fallthrough)
branch  2 taken 0 (throw)
      120:  241-block  1
branch  3 taken 120 (fallthrough)
branch  4 taken 0
      120:  242:		__n = _M_cur_int_value(10) - __min_rep;
      120:  242-block  0
call    0 returned 120
branch  1 taken 120 (fallthrough)
branch  2 taken 0 (throw)
      120:  242-block  1
        -:  243:	      else
    #####:  244:		__infi = true;
    %%%%%:  244-block  0
        -:  245:	    }
      423:  246:	  if (!_M_match_token(_ScannerT::_S_token_interval_end))
      423:  246-block  0
call    0 returned 423
branch  1 taken 423 (fallthrough)
branch  2 taken 0 (throw)
      423:  246-block  1
branch  3 taken 0 (fallthrough)
branch  4 taken 423
    #####:  247:	    __throw_regex_error(regex_constants::error_brace,
    %%%%%:  247-block  0
call    0 never executed
branch  1 never executed
branch  2 never executed
        -:  248:				"Unexpected end of brace expression.");
        -:  249:
     423*:  250:	  __neg = __neg && _M_match_token(_ScannerT::_S_token_opt);
      423:  250-block  0
branch  0 taken 423 (fallthrough)
branch  1 taken 0
      423:  250-block  1
call    2 returned 423
branch  3 taken 423 (fallthrough)
branch  4 taken 0 (throw)
      423:  250-block  2
branch  5 taken 0 (fallthrough)
branch  6 taken 423
    %%%%%:  250-block  3
      423:  250-block  4
        -:  251:
     1269:  252:	  for (long __i = 0; __i < __min_rep; ++__i)
      423:  252-block  0
     1269:  252-block  1
branch  0 taken 846
branch  1 taken 423 (fallthrough)
      846:  253:	    __e._M_append(__r._M_clone());
      846:  253-block  0
call    0 returned 846
branch  1 taken 846 (fallthrough)
branch  2 taken 0 (throw)
      846:  253-block  1
call    3 returned 846
        -:  254:
      423:  255:	  if (__infi)
      423:  255-block  0
branch  0 taken 0 (fallthrough)
branch  1 taken 423
        -:  256:	    {
    #####:  257:	      auto __tmp = __r._M_clone();
    %%%%%:  257-block  0
call    0 never executed
branch  1 never executed
branch  2 never executed
    #####:  258:	      _StateSeqT __s(*_M_nfa,
call    0 never executed
branch  1 never executed
branch  2 never executed
    %%%%%:  258-block  0
call    3 never executed
call    4 never executed
    #####:  259:			     _M_nfa->_M_insert_repeat(_S_invalid_state_id,
    %%%%%:  259-block  0
call    0 never executed
        -:  260:						      __tmp._M_start, __neg));
    #####:  261:	      __tmp._M_append(__s);
call    0 never executed
    #####:  262:	      __e._M_append(__s);
call    0 never executed
        -:  263:	    }
        -:  264:	  else
        -:  265:	    {
      423:  266:	      if (__n < 0)
      423:  266-block  0
branch  0 taken 0 (fallthrough)
branch  1 taken 423
    #####:  267:		__throw_regex_error(regex_constants::error_badbrace,
    %%%%%:  267-block  0
call    0 never executed
branch  1 never executed
branch  2 never executed
        -:  268:				    "Invalid range in brace expression.");
      423:  269:	      auto __end = _M_nfa->_M_insert_dummy();
      423:  269-block  0
call    0 returned 423
call    1 returned 423
branch  2 taken 423 (fallthrough)
branch  3 taken 0 (throw)
        -:  270:	      // _M_alt is the "match more" branch, and _M_next is the
        -:  271:	      // "match less" one. Switch _M_alt and _M_next of all created
        -:  272:	      // nodes. This is a hack but IMO works well.
      423:  273:	      std::stack<_StateIdT> __stack;
      423:  273-block  0
call    0 returned 423
branch  1 taken 423 (fallthrough)
branch  2 taken 0 (throw)
    16023:  274:	      for (long __i = 0; __i < __n; ++__i)
      423:  274-block  0
    16023:  274-block  1
branch  0 taken 15600
branch  1 taken 423 (fallthrough)
        -:  275:		{
    15600:  276:		  auto __tmp = __r._M_clone();
    15600:  276-block  0
call    0 returned 15600
branch  1 taken 15600 (fallthrough)
branch  2 taken 0 (throw)
    15600:  277:		  auto __alt = _M_nfa->_M_insert_repeat(__tmp._M_start,
    15600:  277-block  0
call    0 returned 15600
call    1 returned 15600
branch  2 taken 15600 (fallthrough)
branch  3 taken 0 (throw)
        -:  278:							__end, __neg);
    15600:  279:		  __stack.push(__alt);
    15600:  279-block  0
call    0 returned 15600
branch  1 taken 15600 (fallthrough)
branch  2 taken 0 (throw)
    15600:  280:		  __e._M_append(_StateSeqT(*_M_nfa, __alt, __tmp._M_end));
    15600:  280-block  0
call    0 returned 15600
call    1 returned 15600
call    2 returned 15600
        -:  281:		}
      423:  282:	      __e._M_append(__end);
      423:  282-block  0
call    0 returned 423
    16023:  283:	      while (!__stack.empty())
    16023:  283-block  0
call    0 returned 16023
branch  1 taken 15600
branch  2 taken 423 (fallthrough)
        -:  284:		{
    15600:  285:		  auto& __tmp = (*_M_nfa)[__stack.top()];
    15600:  285-block  0
call    0 returned 15600
call    1 returned 15600
call    2 returned 15600
    15600:  286:		  __stack.pop();
call    0 returned 15600
    15600:  287:		  std::swap(__tmp._M_next, __tmp._M_alt);
call    0 returned 15600
        -:  288:		}
      423:  289:	    }
      423:  289-block  0
call    0 returned 423
    $$$$$:  289-block  1
call    1 never executed
      423:  290:	  _M_stack.push(__e);
      423:  290-block  0
call    0 returned 423
branch  1 taken 423 (fallthrough)
branch  2 taken 0 (throw)
        -:  291:	}
        -:  292:      else
     1683:  293:	return false;
     1683:  293-block  0
      603:  294:      return true;
      603:  294-block  0
        -:  295:    }
        -:  296:
        -:  297:#define __INSERT_REGEX_MATCHER(__func, ...)\
        -:  298:	do {\
        -:  299:	  if (!(_M_flags & regex_constants::icase))\
        -:  300:	    if (!(_M_flags & regex_constants::collate))\
        -:  301:	      __func<false, false>(__VA_ARGS__);\
        -:  302:	    else\
        -:  303:	      __func<false, true>(__VA_ARGS__);\
        -:  304:	  else\
        -:  305:	    if (!(_M_flags & regex_constants::collate))\
        -:  306:	      __func<true, false>(__VA_ARGS__);\
        -:  307:	    else\
        -:  308:	      __func<true, true>(__VA_ARGS__);\
        -:  309:	} while (false)
        -:  310:
        -:  311:  template<typename _TraitsT>
        -:  312:    bool
function _ZNSt8__detail9_CompilerINSt7__cxx1112regex_traitsIcEEE7_M_atomEv called 1926 returned 100% blocks executed 39%
     1926:  313:    _Compiler<_TraitsT>::
        -:  314:    _M_atom()
        -:  315:    {
     1926:  316:      if (_M_match_token(_ScannerT::_S_token_anychar))
     1926:  316-block  0
call    0 returned 1926
branch  1 taken 0 (fallthrough)
branch  2 taken 1926
        -:  317:	{
    #####:  318:	  if (!(_M_flags & regex_constants::ECMAScript))
    %%%%%:  318-block  0
call    0 never executed
branch  1 never executed
branch  2 never executed
    #####:  319:	    __INSERT_REGEX_MATCHER(_M_insert_any_matcher_posix);
    %%%%%:  319-block  0
call    0 never executed
branch  1 never executed
branch  2 never executed
    %%%%%:  319-block  1
call    3 never executed
branch  4 never executed
branch  5 never executed
    %%%%%:  319-block  2
call    6 never executed
    %%%%%:  319-block  3
call    7 never executed
    %%%%%:  319-block  4
call    8 never executed
branch  9 never executed
branch 10 never executed
    %%%%%:  319-block  5
call   11 never executed
    %%%%%:  319-block  6
call   12 never executed
        -:  320:	  else
    #####:  321:	    __INSERT_REGEX_MATCHER(_M_insert_any_matcher_ecma);
    %%%%%:  321-block  0
call    0 never executed
branch  1 never executed
branch  2 never executed
    %%%%%:  321-block  1
call    3 never executed
branch  4 never executed
branch  5 never executed
    %%%%%:  321-block  2
call    6 never executed
    %%%%%:  321-block  3
call    7 never executed
    %%%%%:  321-block  4
call    8 never executed
branch  9 never executed
branch 10 never executed
    %%%%%:  321-block  5
call   11 never executed
    %%%%%:  321-block  6
call   12 never executed
        -:  322:	}
     1926:  323:      else if (_M_try_char())
     1926:  323-block  0
call    0 returned 1926
branch  1 taken 1080 (fallthrough)
branch  2 taken 846
    1080*:  324:	__INSERT_REGEX_MATCHER(_M_insert_char_matcher);
     1080:  324-block  0
call    0 returned 1080
branch  1 taken 1080 (fallthrough)
branch  2 taken 0
     1080:  324-block  1
call    3 returned 1080
branch  4 taken 1080 (fallthrough)
branch  5 taken 0
     1080:  324-block  2
call    6 returned 1080
    %%%%%:  324-block  3
call    7 never executed
    %%%%%:  324-block  4
call    8 never executed
branch  9 never executed
branch 10 never executed
    %%%%%:  324-block  5
call   11 never executed
    %%%%%:  324-block  6
call   12 never executed
      846:  325:      else if (_M_match_token(_ScannerT::_S_token_backref))
      846:  325-block  0
call    0 returned 846
branch  1 taken 0 (fallthrough)
branch  2 taken 846
    #####:  326:	_M_stack.push(_StateSeqT(*_M_nfa, _M_nfa->
    %%%%%:  326-block  0
call    0 never executed
call    1 never executed
call    2 never executed
call    3 never executed
branch  4 never executed
branch  5 never executed
    %%%%%:  326-block  1
    $$$$$:  326-block  2
call    6 never executed
    #####:  327:				 _M_insert_backref(_M_cur_int_value(10))));
call    0 never executed
call    1 never executed
      846:  328:      else if (_M_match_token(_ScannerT::_S_token_quoted_class))
      846:  328-block  0
call    0 returned 846
branch  1 taken 0 (fallthrough)
branch  2 taken 846
    #####:  329:	__INSERT_REGEX_MATCHER(_M_insert_character_class_matcher);
    %%%%%:  329-block  0
call    0 never executed
branch  1 never executed
branch  2 never executed
    %%%%%:  329-block  1
call    3 never executed
branch  4 never executed
branch  5 never executed
    %%%%%:  329-block  2
call    6 never executed
    %%%%%:  329-block  3
call    7 never executed
    %%%%%:  329-block  4
call    8 never executed
branch  9 never executed
branch 10 never executed
    %%%%%:  329-block  5
call   11 never executed
    %%%%%:  329-block  6
call   12 never executed
      846:  330:      else if (_M_match_token(_ScannerT::_S_token_subexpr_no_group_begin))
      846:  330-block  0
call    0 returned 846
branch  1 taken 0 (fallthrough)
branch  2 taken 846
        -:  331:	{
    #####:  332:	  _StateSeqT __r(*_M_nfa, _M_nfa->_M_insert_dummy());
    %%%%%:  332-block  0
call    0 never executed
call    1 never executed
branch  2 never executed
branch  3 never executed
    %%%%%:  332-block  1
call    4 never executed
call    5 never executed
    #####:  333:	  this->_M_disjunction();
call    0 never executed
branch  1 never executed
branch  2 never executed
    #####:  334:	  if (!_M_match_token(_ScannerT::_S_token_subexpr_end))
    %%%%%:  334-block  0
call    0 never executed
branch  1 never executed
branch  2 never executed
    %%%%%:  334-block  1
branch  3 never executed
branch  4 never executed
    #####:  335:	    __throw_regex_error(regex_constants::error_paren,
    %%%%%:  335-block  0
call    0 never executed
branch  1 never executed
branch  2 never executed
        -:  336:				"Parenthesis is not closed.");
    #####:  337:	  __r._M_append(_M_pop());
    %%%%%:  337-block  0
call    0 never executed
branch  1 never executed
branch  2 never executed
    %%%%%:  337-block  1
call    3 never executed
    #####:  338:	  _M_stack.push(__r);
call    0 never executed
branch  1 never executed
branch  2 never executed
        -:  339:	}
      846:  340:      else if (_M_match_token(_ScannerT::_S_token_subexpr_begin))
      846:  340-block  0
call    0 returned 846
branch  1 taken 120 (fallthrough)
branch  2 taken 726
        -:  341:	{
      120:  342:	  _StateSeqT __r(*_M_nfa, _M_nfa->_M_insert_subexpr_begin());
      120:  342-block  0
call    0 returned 120
call    1 returned 120
branch  2 taken 120 (fallthrough)
branch  3 taken 0 (throw)
      120:  342-block  1
call    4 returned 120
call    5 returned 120
      120:  343:	  this->_M_disjunction();
call    0 returned 120
branch  1 taken 120 (fallthrough)
branch  2 taken 0 (throw)
      120:  344:	  if (!_M_match_token(_ScannerT::_S_token_subexpr_end))
      120:  344-block  0
call    0 returned 120
branch  1 taken 120 (fallthrough)
branch  2 taken 0 (throw)
      120:  344-block  1
branch  3 taken 0 (fallthrough)
branch  4 taken 120
    #####:  345:	    __throw_regex_error(regex_constants::error_paren,
    %%%%%:  345-block  0
call    0 never executed
branch  1 never executed
branch  2 never executed
        -:  346:				"Parenthesis is not closed.");
      120:  347:	  __r._M_append(_M_pop());
      120:  347-block  0
call    0 returned 120
branch  1 taken 120 (fallthrough)
branch  2 taken 0 (throw)
      120:  347-block  1
call    3 returned 120
      120:  348:	  __r._M_append(_M_nfa->_M_insert_subexpr_end());
call    0 returned 120
call    1 returned 120
branch  2 taken 120 (fallthrough)
branch  3 taken 0 (throw)
      120:  348-block  0
call    4 returned 120
      120:  349:	  _M_stack.push(__r);
call    0 returned 120
branch  1 taken 120 (fallthrough)
branch  2 taken 0 (throw)
        -:  350:	}
      726:  351:      else if (!_M_bracket_expression())
      726:  351-block  0
call    0 returned 726
branch  1 taken 243 (fallthrough)
branch  2 taken 483
      243:  352:	return false;
      243:  352-block  0
     1683:  353:      return true;
     1683:  353-block  0
        -:  354:    }
        -:  355:
        -:  356:  template<typename _TraitsT>
        -:  357:    bool
function _ZNSt8__detail9_CompilerINSt7__cxx1112regex_traitsIcEEE21_M_bracket_expressionEv called 726 returned 100% blocks executed 75%
      726:  358:    _Compiler<_TraitsT>::
        -:  359:    _M_bracket_expression()
        -:  360:    {
        -:  361:      bool __neg =
      726:  362:	_M_match_token(_ScannerT::_S_token_bracket_neg_begin);
      726:  362-block  0
call    0 returned 726
      726:  363:      if (!(__neg || _M_match_token(_ScannerT::_S_token_bracket_begin)))
branch  0 taken 726 (fallthrough)
branch  1 taken 0
      726:  363-block  0
call    2 returned 726
branch  3 taken 243 (fallthrough)
branch  4 taken 483
      243:  363-block  1
      483:  363-block  2
      726:  363-block  3
branch  5 taken 243 (fallthrough)
branch  6 taken 483
      243:  364:	return false;
      243:  364-block  0
     483*:  365:      __INSERT_REGEX_MATCHER(_M_insert_bracket_matcher, __neg);
      483:  365-block  0
call    0 returned 483
branch  1 taken 483 (fallthrough)
branch  2 taken 0
      483:  365-block  1
call    3 returned 483
branch  4 taken 483 (fallthrough)
branch  5 taken 0
      483:  365-block  2
call    6 returned 483
    %%%%%:  365-block  3
call    7 never executed
    %%%%%:  365-block  4
call    8 never executed
branch  9 never executed
branch 10 never executed
    %%%%%:  365-block  5
call   11 never executed
    %%%%%:  365-block  6
call   12 never executed
      483:  366:      return true;
      483:  366-block  0
        -:  367:    }
        -:  368:#undef __INSERT_REGEX_MATCHER
        -:  369:
        -:  370:  template<typename _TraitsT>
        -:  371:  template<bool __icase, bool __collate>
        -:  372:    void
    #####:  373:    _Compiler<_TraitsT>::
        -:  374:    _M_insert_any_matcher_ecma()
        -:  375:    {
    #####:  376:      _M_stack.push(_StateSeqT(*_M_nfa,
    #####:  377:	_M_nfa->_M_insert_matcher
    #####:  378:	  (_AnyMatcher<_TraitsT, true, __icase, __collate>
        -:  379:	    (_M_traits))));
    #####:  380:    }
------------------
_ZNSt8__detail9_CompilerINSt7__cxx1112regex_traitsIcEEE26_M_insert_any_matcher_ecmaILb1ELb1EEEvv:
function _ZNSt8__detail9_CompilerINSt7__cxx1112regex_traitsIcEEE26_M_insert_any_matcher_ecmaILb1ELb1EEEvv called 0 returned 0% blocks executed 0%
    #####:  373:    _Compiler<_TraitsT>::
        -:  374:    _M_insert_any_matcher_ecma()
        -:  375:    {
    #####:  376:      _M_stack.push(_StateSeqT(*_M_nfa,
call    0 never executed
call    1 never executed
branch  2 never executed
branch  3 never executed
    %%%%%:  376-block  0
call    4 never executed
call    5 never executed
call    6 never executed
branch  7 never executed
branch  8 never executed
    %%%%%:  376-block  1
call    9 never executed
    $$$$$:  376-block  2
    $$$$$:  376-block  3
call   10 never executed
    $$$$$:  376-block  4
    #####:  377:	_M_nfa->_M_insert_matcher
    %%%%%:  377-block  0
call    0 never executed
    #####:  378:	  (_AnyMatcher<_TraitsT, true, __icase, __collate>
call    0 never executed
        -:  379:	    (_M_traits))));
    #####:  380:    }
------------------
_ZNSt8__detail9_CompilerINSt7__cxx1112regex_traitsIcEEE26_M_insert_any_matcher_ecmaILb1ELb0EEEvv:
function _ZNSt8__detail9_CompilerINSt7__cxx1112regex_traitsIcEEE26_M_insert_any_matcher_ecmaILb1ELb0EEEvv called 0 returned 0% blocks executed 0%
    #####:  373:    _Compiler<_TraitsT>::
        -:  374:    _M_insert_any_matcher_ecma()
        -:  375:    {
    #####:  376:      _M_stack.push(_StateSeqT(*_M_nfa,
call    0 never executed
call    1 never executed
branch  2 never executed
branch  3 never executed
    %%%%%:  376-block  0
call    4 never executed
call    5 never executed
call    6 never executed
branch  7 never executed
branch  8 never executed
    %%%%%:  376-block  1
call    9 never executed
    $$$$$:  376-block  2
    $$$$$:  376-block  3
call   10 never executed
    $$$$$:  376-block  4
    #####:  377:	_M_nfa->_M_insert_matcher
    %%%%%:  377-block  0
call    0 never executed
    #####:  378:	  (_AnyMatcher<_TraitsT, true, __icase, __collate>
call    0 never executed
        -:  379:	    (_M_traits))));
    #####:  380:    }
------------------
_ZNSt8__detail9_CompilerINSt7__cxx1112regex_traitsIcEEE26_M_insert_any_matcher_ecmaILb0ELb1EEEvv:
function _ZNSt8__detail9_CompilerINSt7__cxx1112regex_traitsIcEEE26_M_insert_any_matcher_ecmaILb0ELb1EEEvv called 0 returned 0% blocks executed 0%
    #####:  373:    _Compiler<_TraitsT>::
        -:  374:    _M_insert_any_matcher_ecma()
        -:  375:    {
    #####:  376:      _M_stack.push(_StateSeqT(*_M_nfa,
call    0 never executed
call    1 never executed
branch  2 never executed
branch  3 never executed
    %%%%%:  376-block  0
call    4 never executed
call    5 never executed
call    6 never executed
branch  7 never executed
branch  8 never executed
    %%%%%:  376-block  1
call    9 never executed
    $$$$$:  376-block  2
    $$$$$:  376-block  3
call   10 never executed
    $$$$$:  376-block  4
    #####:  377:	_M_nfa->_M_insert_matcher
    %%%%%:  377-block  0
call    0 never executed
    #####:  378:	  (_AnyMatcher<_TraitsT, true, __icase, __collate>
call    0 never executed
        -:  379:	    (_M_traits))));
    #####:  380:    }
------------------
_ZNSt8__detail9_CompilerINSt7__cxx1112regex_traitsIcEEE26_M_insert_any_matcher_ecmaILb0ELb0EEEvv:
function _ZNSt8__detail9_CompilerINSt7__cxx1112regex_traitsIcEEE26_M_insert_any_matcher_ecmaILb0ELb0EEEvv called 0 returned 0% blocks executed 0%
    #####:  373:    _Compiler<_TraitsT>::
        -:  374:    _M_insert_any_matcher_ecma()
        -:  375:    {
    #####:  376:      _M_stack.push(_StateSeqT(*_M_nfa,
call    0 never executed
call    1 never executed
branch  2 never executed
branch  3 never executed
    %%%%%:  376-block  0
call    4 never executed
call    5 never executed
call    6 never executed
branch  7 never executed
branch  8 never executed
    %%%%%:  376-block  1
call    9 never executed
    $$$$$:  376-block  2
    $$$$$:  376-block  3
call   10 never executed
    $$$$$:  376-block  4
    #####:  377:	_M_nfa->_M_insert_matcher
    %%%%%:  377-block  0
call    0 never executed
    #####:  378:	  (_AnyMatcher<_TraitsT, true, __icase, __collate>
call    0 never executed
        -:  379:	    (_M_traits))));
    #####:  380:    }
------------------
        -:  381:
        -:  382:  template<typename _TraitsT>
        -:  383:  template<bool __icase, bool __collate>
        -:  384:    void
    #####:  385:    _Compiler<_TraitsT>::
        -:  386:    _M_insert_any_matcher_posix()
        -:  387:    {
    #####:  388:      _M_stack.push(_StateSeqT(*_M_nfa,
    #####:  389:	_M_nfa->_M_insert_matcher
    #####:  390:	  (_AnyMatcher<_TraitsT, false, __icase, __collate>
        -:  391:	    (_M_traits))));
    #####:  392:    }
------------------
_ZNSt8__detail9_CompilerINSt7__cxx1112regex_traitsIcEEE27_M_insert_any_matcher_posixILb1ELb1EEEvv:
function _ZNSt8__detail9_CompilerINSt7__cxx1112regex_traitsIcEEE27_M_insert_any_matcher_posixILb1ELb1EEEvv called 0 returned 0% blocks executed 0%
    #####:  385:    _Compiler<_TraitsT>::
        -:  386:    _M_insert_any_matcher_posix()
        -:  387:    {
    #####:  388:      _M_stack.push(_StateSeqT(*_M_nfa,
call    0 never executed
call    1 never executed
branch  2 never executed
branch  3 never executed
    %%%%%:  388-block  0
call    4 never executed
call    5 never executed
call    6 never executed
branch  7 never executed
branch  8 never executed
    %%%%%:  388-block  1
call    9 never executed
    $$$$$:  388-block  2
    $$$$$:  388-block  3
call   10 never executed
    $$$$$:  388-block  4
    #####:  389:	_M_nfa->_M_insert_matcher
    %%%%%:  389-block  0
call    0 never executed
    #####:  390:	  (_AnyMatcher<_TraitsT, false, __icase, __collate>
call    0 never executed
        -:  391:	    (_M_traits))));
    #####:  392:    }
------------------
_ZNSt8__detail9_CompilerINSt7__cxx1112regex_traitsIcEEE27_M_insert_any_matcher_posixILb1ELb0EEEvv:
function _ZNSt8__detail9_CompilerINSt7__cxx1112regex_traitsIcEEE27_M_insert_any_matcher_posixILb1ELb0EEEvv called 0 returned 0% blocks executed 0%
    #####:  385:    _Compiler<_TraitsT>::
        -:  386:    _M_insert_any_matcher_posix()
        -:  387:    {
    #####:  388:      _M_stack.push(_StateSeqT(*_M_nfa,
call    0 never executed
call    1 never executed
branch  2 never executed
branch  3 never executed
    %%%%%:  388-block  0
call    4 never executed
call    5 never executed
call    6 never executed
branch  7 never executed
branch  8 never executed
    %%%%%:  388-block  1
call    9 never executed
    $$$$$:  388-block  2
    $$$$$:  388-block  3
call   10 never executed
    $$$$$:  388-block  4
    #####:  389:	_M_nfa->_M_insert_matcher
    %%%%%:  389-block  0
call    0 never executed
    #####:  390:	  (_AnyMatcher<_TraitsT, false, __icase, __collate>
call    0 never executed
        -:  391:	    (_M_traits))));
    #####:  392:    }
------------------
_ZNSt8__detail9_CompilerINSt7__cxx1112regex_traitsIcEEE27_M_insert_any_matcher_posixILb0ELb1EEEvv:
function _ZNSt8__detail9_CompilerINSt7__cxx1112regex_traitsIcEEE27_M_insert_any_matcher_posixILb0ELb1EEEvv called 0 returned 0% blocks executed 0%
    #####:  385:    _Compiler<_TraitsT>::
        -:  386:    _M_insert_any_matcher_posix()
        -:  387:    {
    #####:  388:      _M_stack.push(_StateSeqT(*_M_nfa,
call    0 never executed
call    1 never executed
branch  2 never executed
branch  3 never executed
    %%%%%:  388-block  0
call    4 never executed
call    5 never executed
call    6 never executed
branch  7 never executed
branch  8 never executed
    %%%%%:  388-block  1
call    9 never executed
    $$$$$:  388-block  2
    $$$$$:  388-block  3
call   10 never executed
    $$$$$:  388-block  4
    #####:  389:	_M_nfa->_M_insert_matcher
    %%%%%:  389-block  0
call    0 never executed
    #####:  390:	  (_AnyMatcher<_TraitsT, false, __icase, __collate>
call    0 never executed
        -:  391:	    (_M_traits))));
    #####:  392:    }
------------------
_ZNSt8__detail9_CompilerINSt7__cxx1112regex_traitsIcEEE27_M_insert_any_matcher_posixILb0ELb0EEEvv:
function _ZNSt8__detail9_CompilerINSt7__cxx1112regex_traitsIcEEE27_M_insert_any_matcher_posixILb0ELb0EEEvv called 0 returned 0% blocks executed 0%
    #####:  385:    _Compiler<_TraitsT>::
        -:  386:    _M_insert_any_matcher_posix()
        -:  387:    {
    #####:  388:      _M_stack.push(_StateSeqT(*_M_nfa,
call    0 never executed
call    1 never executed
branch  2 never executed
branch  3 never executed
    %%%%%:  388-block  0
call    4 never executed
call    5 never executed
call    6 never executed
branch  7 never executed
branch  8 never executed
    %%%%%:  388-block  1
call    9 never executed
    $$$$$:  388-block  2
    $$$$$:  388-block  3
call   10 never executed
    $$$$$:  388-block  4
    #####:  389:	_M_nfa->_M_insert_matcher
    %%%%%:  389-block  0
call    0 never executed
    #####:  390:	  (_AnyMatcher<_TraitsT, false, __icase, __collate>
call    0 never executed
        -:  391:	    (_M_traits))));
    #####:  392:    }
------------------
        -:  393:
        -:  394:  template<typename _TraitsT>
        -:  395:  template<bool __icase, bool __collate>
        -:  396:    void
    1080*:  397:    _Compiler<_TraitsT>::
        -:  398:    _M_insert_char_matcher()
        -:  399:    {
    1080*:  400:      _M_stack.push(_StateSeqT(*_M_nfa,
    1080*:  401:	_M_nfa->_M_insert_matcher
    3240*:  402:	  (_CharMatcher<_TraitsT, __icase, __collate>
    1080*:  403:	    (_M_value[0], _M_traits))));
    1080*:  404:    }
------------------
_ZNSt8__detail9_CompilerINSt7__cxx1112regex_traitsIcEEE22_M_insert_char_matcherILb1ELb1EEEvv:
function _ZNSt8__detail9_CompilerINSt7__cxx1112regex_traitsIcEEE22_M_insert_char_matcherILb1ELb1EEEvv called 0 returned 0% blocks executed 0%
    #####:  397:    _Compiler<_TraitsT>::
        -:  398:    _M_insert_char_matcher()
        -:  399:    {
    #####:  400:      _M_stack.push(_StateSeqT(*_M_nfa,
call    0 never executed
call    1 never executed
branch  2 never executed
branch  3 never executed
    %%%%%:  400-block  0
call    4 never executed
call    5 never executed
call    6 never executed
branch  7 never executed
branch  8 never executed
    %%%%%:  400-block  1
call    9 never executed
    $$$$$:  400-block  2
    $$$$$:  400-block  3
call   10 never executed
    $$$$$:  400-block  4
    #####:  401:	_M_nfa->_M_insert_matcher
    %%%%%:  401-block  0
call    0 never executed
    #####:  402:	  (_CharMatcher<_TraitsT, __icase, __collate>
    #####:  403:	    (_M_value[0], _M_traits))));
call    0 never executed
call    1 never executed
    #####:  404:    }
------------------
_ZNSt8__detail9_CompilerINSt7__cxx1112regex_traitsIcEEE22_M_insert_char_matcherILb1ELb0EEEvv:
function _ZNSt8__detail9_CompilerINSt7__cxx1112regex_traitsIcEEE22_M_insert_char_matcherILb1ELb0EEEvv called 0 returned 0% blocks executed 0%
    #####:  397:    _Compiler<_TraitsT>::
        -:  398:    _M_insert_char_matcher()
        -:  399:    {
    #####:  400:      _M_stack.push(_StateSeqT(*_M_nfa,
call    0 never executed
call    1 never executed
branch  2 never executed
branch  3 never executed
    %%%%%:  400-block  0
call    4 never executed
call    5 never executed
call    6 never executed
branch  7 never executed
branch  8 never executed
    %%%%%:  400-block  1
call    9 never executed
    $$$$$:  400-block  2
    $$$$$:  400-block  3
call   10 never executed
    $$$$$:  400-block  4
    #####:  401:	_M_nfa->_M_insert_matcher
    %%%%%:  401-block  0
call    0 never executed
    #####:  402:	  (_CharMatcher<_TraitsT, __icase, __collate>
    #####:  403:	    (_M_value[0], _M_traits))));
call    0 never executed
call    1 never executed
    #####:  404:    }
------------------
_ZNSt8__detail9_CompilerINSt7__cxx1112regex_traitsIcEEE22_M_insert_char_matcherILb0ELb1EEEvv:
function _ZNSt8__detail9_CompilerINSt7__cxx1112regex_traitsIcEEE22_M_insert_char_matcherILb0ELb1EEEvv called 0 returned 0% blocks executed 0%
    #####:  397:    _Compiler<_TraitsT>::
        -:  398:    _M_insert_char_matcher()
        -:  399:    {
    #####:  400:      _M_stack.push(_StateSeqT(*_M_nfa,
call    0 never executed
call    1 never executed
branch  2 never executed
branch  3 never executed
    %%%%%:  400-block  0
call    4 never executed
call    5 never executed
call    6 never executed
branch  7 never executed
branch  8 never executed
    %%%%%:  400-block  1
call    9 never executed
    $$$$$:  400-block  2
    $$$$$:  400-block  3
call   10 never executed
    $$$$$:  400-block  4
    #####:  401:	_M_nfa->_M_insert_matcher
    %%%%%:  401-block  0
call    0 never executed
    #####:  402:	  (_CharMatcher<_TraitsT, __icase, __collate>
    #####:  403:	    (_M_value[0], _M_traits))));
call    0 never executed
call    1 never executed
    #####:  404:    }
------------------
_ZNSt8__detail9_CompilerINSt7__cxx1112regex_traitsIcEEE22_M_insert_char_matcherILb0ELb0EEEvv:
function _ZNSt8__detail9_CompilerINSt7__cxx1112regex_traitsIcEEE22_M_insert_char_matcherILb0ELb0EEEvv called 1080 returned 100% blocks executed 73%
     1080:  397:    _Compiler<_TraitsT>::
        -:  398:    _M_insert_char_matcher()
        -:  399:    {
     1080:  400:      _M_stack.push(_StateSeqT(*_M_nfa,
call    0 returned 1080
call    1 returned 1080
branch  2 taken 1080 (fallthrough)
branch  3 taken 0 (throw)
     1080:  400-block  0
call    4 returned 1080
call    5 returned 1080
call    6 returned 1080
branch  7 taken 1080 (fallthrough)
branch  8 taken 0 (throw)
     1080:  400-block  1
call    9 returned 1080
    $$$$$:  400-block  2
    $$$$$:  400-block  3
call   10 never executed
    $$$$$:  400-block  4
     1080:  401:	_M_nfa->_M_insert_matcher
     1080:  401-block  0
call    0 returned 1080
     3240:  402:	  (_CharMatcher<_TraitsT, __icase, __collate>
     1080:  403:	    (_M_value[0], _M_traits))));
call    0 returned 1080
call    1 returned 1080
     1080:  404:    }
------------------
        -:  405:
        -:  406:  template<typename _TraitsT>
        -:  407:  template<bool __icase, bool __collate>
        -:  408:    void
    #####:  409:    _Compiler<_TraitsT>::
        -:  410:    _M_insert_character_class_matcher()
        -:  411:    {
    #####:  412:      __glibcxx_assert(_M_value.size() == 1);
    #####:  413:      _BracketMatcher<_TraitsT, __icase, __collate> __matcher
    #####:  414:	(_M_ctype.is(_CtypeT::upper, _M_value[0]), _M_traits);
    #####:  415:      __matcher._M_add_character_class(_M_value, false);
    #####:  416:      __matcher._M_ready();
    #####:  417:      _M_stack.push(_StateSeqT(*_M_nfa,
    #####:  418:	_M_nfa->_M_insert_matcher(std::move(__matcher))));
    #####:  419:    }
------------------
_ZNSt8__detail9_CompilerINSt7__cxx1112regex_traitsIcEEE33_M_insert_character_class_matcherILb1ELb1EEEvv:
function _ZNSt8__detail9_CompilerINSt7__cxx1112regex_traitsIcEEE33_M_insert_character_class_matcherILb1ELb1EEEvv called 0 returned 0% blocks executed 0%
    #####:  409:    _Compiler<_TraitsT>::
    %%%%%:  409-block  0
        -:  410:    _M_insert_character_class_matcher()
        -:  411:    {
    #####:  412:      __glibcxx_assert(_M_value.size() == 1);
    %%%%%:  412-block  0
branch  0 never executed
branch  1 never executed
    %%%%%:  412-block  1
call    2 never executed
    #####:  413:      _BracketMatcher<_TraitsT, __icase, __collate> __matcher
call    0 never executed
branch  1 never executed
branch  2 never executed
    #####:  414:	(_M_ctype.is(_CtypeT::upper, _M_value[0]), _M_traits);
    %%%%%:  414-block  0
call    0 never executed
branch  1 never executed
branch  2 never executed
    %%%%%:  414-block  1
call    3 never executed
    #####:  415:      __matcher._M_add_character_class(_M_value, false);
    %%%%%:  415-block  0
call    0 never executed
branch  1 never executed
branch  2 never executed
    #####:  416:      __matcher._M_ready();
    %%%%%:  416-block  0
call    0 never executed
branch  1 never executed
branch  2 never executed
    #####:  417:      _M_stack.push(_StateSeqT(*_M_nfa,
call    0 never executed
branch  1 never executed
branch  2 never executed
    %%%%%:  417-block  0
call    3 never executed
branch  4 never executed
branch  5 never executed
    %%%%%:  417-block  1
call    6 never executed
call    7 never executed
call    8 never executed
branch  9 never executed
branch 10 never executed
    %%%%%:  417-block  2
call   11 never executed
    $$$$$:  417-block  3
    $$$$$:  417-block  4
call   12 never executed
    $$$$$:  417-block  5
    #####:  418:	_M_nfa->_M_insert_matcher(std::move(__matcher))));
    %%%%%:  418-block  0
call    0 never executed
call    1 never executed
    #####:  419:    }
call    0 never executed
    $$$$$:  419-block  0
call    1 never executed
------------------
_ZNSt8__detail9_CompilerINSt7__cxx1112regex_traitsIcEEE33_M_insert_character_class_matcherILb1ELb0EEEvv:
function _ZNSt8__detail9_CompilerINSt7__cxx1112regex_traitsIcEEE33_M_insert_character_class_matcherILb1ELb0EEEvv called 0 returned 0% blocks executed 0%
    #####:  409:    _Compiler<_TraitsT>::
    %%%%%:  409-block  0
        -:  410:    _M_insert_character_class_matcher()
        -:  411:    {
    #####:  412:      __glibcxx_assert(_M_value.size() == 1);
    %%%%%:  412-block  0
branch  0 never executed
branch  1 never executed
    %%%%%:  412-block  1
call    2 never executed
    #####:  413:      _BracketMatcher<_TraitsT, __icase, __collate> __matcher
call    0 never executed
branch  1 never executed
branch  2 never executed
    #####:  414:	(_M_ctype.is(_CtypeT::upper, _M_value[0]), _M_traits);
    %%%%%:  414-block  0
call    0 never executed
branch  1 never executed
branch  2 never executed
    %%%%%:  414-block  1
call    3 never executed
    #####:  415:      __matcher._M_add_character_class(_M_value, false);
    %%%%%:  415-block  0
call    0 never executed
branch  1 never executed
branch  2 never executed
    #####:  416:      __matcher._M_ready();
    %%%%%:  416-block  0
call    0 never executed
branch  1 never executed
branch  2 never executed
    #####:  417:      _M_stack.push(_StateSeqT(*_M_nfa,
call    0 never executed
branch  1 never executed
branch  2 never executed
    %%%%%:  417-block  0
call    3 never executed
branch  4 never executed
branch  5 never executed
    %%%%%:  417-block  1
call    6 never executed
call    7 never executed
call    8 never executed
branch  9 never executed
branch 10 never executed
    %%%%%:  417-block  2
call   11 never executed
    $$$$$:  417-block  3
    $$$$$:  417-block  4
call   12 never executed
    $$$$$:  417-block  5
    #####:  418:	_M_nfa->_M_insert_matcher(std::move(__matcher))));
    %%%%%:  418-block  0
call    0 never executed
call    1 never executed
    #####:  419:    }
call    0 never executed
    $$$$$:  419-block  0
call    1 never executed
------------------
_ZNSt8__detail9_CompilerINSt7__cxx1112regex_traitsIcEEE33_M_insert_character_class_matcherILb0ELb1EEEvv:
function _ZNSt8__detail9_CompilerINSt7__cxx1112regex_traitsIcEEE33_M_insert_character_class_matcherILb0ELb1EEEvv called 0 returned 0% blocks executed 0%
    #####:  409:    _Compiler<_TraitsT>::
    %%%%%:  409-block  0
        -:  410:    _M_insert_character_class_matcher()
        -:  411:    {
    #####:  412:      __glibcxx_assert(_M_value.size() == 1);
    %%%%%:  412-block  0
branch  0 never executed
branch  1 never executed
    %%%%%:  412-block  1
call    2 never executed
    #####:  413:      _BracketMatcher<_TraitsT, __icase, __collate> __matcher
call    0 never executed
branch  1 never executed
branch  2 never executed
    #####:  414:	(_M_ctype.is(_CtypeT::upper, _M_value[0]), _M_traits);
    %%%%%:  414-block  0
call    0 never executed
branch  1 never executed
branch  2 never executed
    %%%%%:  414-block  1
call    3 never executed
    #####:  415:      __matcher._M_add_character_class(_M_value, false);
    %%%%%:  415-block  0
call    0 never executed
branch  1 never executed
branch  2 never executed
    #####:  416:      __matcher._M_ready();
    %%%%%:  416-block  0
call    0 never executed
branch  1 never executed
branch  2 never executed
    #####:  417:      _M_stack.push(_StateSeqT(*_M_nfa,
call    0 never executed
branch  1 never executed
branch  2 never executed
    %%%%%:  417-block  0
call    3 never executed
branch  4 never executed
branch  5 never executed
    %%%%%:  417-block  1
call    6 never executed
call    7 never executed
call    8 never executed
branch  9 never executed
branch 10 never executed
    %%%%%:  417-block  2
call   11 never executed
    $$$$$:  417-block  3
    $$$$$:  417-block  4
call   12 never executed
    $$$$$:  417-block  5
    #####:  418:	_M_nfa->_M_insert_matcher(std::move(__matcher))));
    %%%%%:  418-block  0
call    0 never executed
call    1 never executed
    #####:  419:    }
call    0 never executed
    $$$$$:  419-block  0
call    1 never executed
------------------
_ZNSt8__detail9_CompilerINSt7__cxx1112regex_traitsIcEEE33_M_insert_character_class_matcherILb0ELb0EEEvv:
function _ZNSt8__detail9_CompilerINSt7__cxx1112regex_traitsIcEEE33_M_insert_character_class_matcherILb0ELb0EEEvv called 0 returned 0% blocks executed 0%
    #####:  409:    _Compiler<_TraitsT>::
    %%%%%:  409-block  0
        -:  410:    _M_insert_character_class_matcher()
        -:  411:    {
    #####:  412:      __glibcxx_assert(_M_value.size() == 1);
    %%%%%:  412-block  0
branch  0 never executed
branch  1 never executed
    %%%%%:  412-block  1
call    2 never executed
    #####:  413:      _BracketMatcher<_TraitsT, __icase, __collate> __matcher
call    0 never executed
branch  1 never executed
branch  2 never executed
    #####:  414:	(_M_ctype.is(_CtypeT::upper, _M_value[0]), _M_traits);
    %%%%%:  414-block  0
call    0 never executed
branch  1 never executed
branch  2 never executed
    %%%%%:  414-block  1
call    3 never executed
    #####:  415:      __matcher._M_add_character_class(_M_value, false);
    %%%%%:  415-block  0
call    0 never executed
branch  1 never executed
branch  2 never executed
    #####:  416:      __matcher._M_ready();
    %%%%%:  416-block  0
call    0 never executed
branch  1 never executed
branch  2 never executed
    #####:  417:      _M_stack.push(_StateSeqT(*_M_nfa,
call    0 never executed
branch  1 never executed
branch  2 never executed
    %%%%%:  417-block  0
call    3 never executed
branch  4 never executed
branch  5 never executed
    %%%%%:  417-block  1
call    6 never executed
call    7 never executed
call    8 never executed
branch  9 never executed
branch 10 never executed
    %%%%%:  417-block  2
call   11 never executed
    $$$$$:  417-block  3
    $$$$$:  417-block  4
call   12 never executed
    $$$$$:  417-block  5
    #####:  418:	_M_nfa->_M_insert_matcher(std::move(__matcher))));
    %%%%%:  418-block  0
call    0 never executed
call    1 never executed
    #####:  419:    }
call    0 never executed
    $$$$$:  419-block  0
call    1 never executed
------------------
        -:  420:
        -:  421:  template<typename _TraitsT>
        -:  422:  template<bool __icase, bool __collate>
        -:  423:    void
     483*:  424:    _Compiler<_TraitsT>::
        -:  425:    _M_insert_bracket_matcher(bool __neg)
        -:  426:    {
     483*:  427:      _BracketMatcher<_TraitsT, __icase, __collate> __matcher(__neg, _M_traits);
     483*:  428:      pair<bool, _CharT> __last_char; // Optional<_CharT>
     483*:  429:      __last_char.first = false;
     483*:  430:      if (!(_M_flags & regex_constants::ECMAScript))
        -:  431:	{
    #####:  432:	  if (_M_try_char())
        -:  433:	    {
    #####:  434:	      __last_char.first = true;
    #####:  435:	      __last_char.second = _M_value[0];
        -:  436:	    }
    #####:  437:	  else if (_M_match_token(_ScannerT::_S_token_bracket_dash))
        -:  438:	    {
    #####:  439:	      __last_char.first = true;
    #####:  440:	      __last_char.second = '-';
        -:  441:	    }
        -:  442:	}
    3849*:  443:      while (_M_expression_term(__last_char, __matcher));
     483*:  444:      if (__last_char.first)
     180*:  445:	__matcher._M_add_char(__last_char.second);
     483*:  446:      __matcher._M_ready();
     966*:  447:      _M_stack.push(_StateSeqT(
     483*:  448:		      *_M_nfa,
     483*:  449:		      _M_nfa->_M_insert_matcher(std::move(__matcher))));
     483*:  450:    }
------------------
_ZNSt8__detail9_CompilerINSt7__cxx1112regex_traitsIcEEE25_M_insert_bracket_matcherILb1ELb1EEEvb:
function _ZNSt8__detail9_CompilerINSt7__cxx1112regex_traitsIcEEE25_M_insert_bracket_matcherILb1ELb1EEEvb called 0 returned 0% blocks executed 0%
    #####:  424:    _Compiler<_TraitsT>::
        -:  425:    _M_insert_bracket_matcher(bool __neg)
        -:  426:    {
    #####:  427:      _BracketMatcher<_TraitsT, __icase, __collate> __matcher(__neg, _M_traits);
    %%%%%:  427-block  0
call    0 never executed
branch  1 never executed
branch  2 never executed
    #####:  428:      pair<bool, _CharT> __last_char; // Optional<_CharT>
    #####:  429:      __last_char.first = false;
    #####:  430:      if (!(_M_flags & regex_constants::ECMAScript))
    %%%%%:  430-block  0
call    0 never executed
branch  1 never executed
branch  2 never executed
        -:  431:	{
    #####:  432:	  if (_M_try_char())
    %%%%%:  432-block  0
call    0 never executed
branch  1 never executed
branch  2 never executed
    %%%%%:  432-block  1
branch  3 never executed
branch  4 never executed
        -:  433:	    {
    #####:  434:	      __last_char.first = true;
    #####:  435:	      __last_char.second = _M_value[0];
    %%%%%:  435-block  0
call    0 never executed
branch  1 never executed
branch  2 never executed
    %%%%%:  435-block  1
        -:  436:	    }
    #####:  437:	  else if (_M_match_token(_ScannerT::_S_token_bracket_dash))
    %%%%%:  437-block  0
call    0 never executed
branch  1 never executed
branch  2 never executed
    %%%%%:  437-block  1
branch  3 never executed
branch  4 never executed
        -:  438:	    {
    #####:  439:	      __last_char.first = true;
    #####:  440:	      __last_char.second = '-';
    %%%%%:  440-block  0
        -:  441:	    }
        -:  442:	}
    #####:  443:      while (_M_expression_term(__last_char, __matcher));
    %%%%%:  443-block  0
    %%%%%:  443-block  1
call    0 never executed
branch  1 never executed
branch  2 never executed
    %%%%%:  443-block  2
branch  3 never executed
branch  4 never executed
    #####:  444:      if (__last_char.first)
    %%%%%:  444-block  0
branch  0 never executed
branch  1 never executed
    #####:  445:	__matcher._M_add_char(__last_char.second);
    %%%%%:  445-block  0
call    0 never executed
branch  1 never executed
branch  2 never executed
    #####:  446:      __matcher._M_ready();
    %%%%%:  446-block  0
call    0 never executed
branch  1 never executed
branch  2 never executed
    #####:  447:      _M_stack.push(_StateSeqT(
call    0 never executed
branch  1 never executed
branch  2 never executed
    %%%%%:  447-block  0
call    3 never executed
branch  4 never executed
branch  5 never executed
call    6 never executed
call    7 never executed
branch  8 never executed
branch  9 never executed
    %%%%%:  447-block  1
call   10 never executed
    $$$$$:  447-block  2
    $$$$$:  447-block  3
call   11 never executed
    $$$$$:  447-block  4
    #####:  448:		      *_M_nfa,
    %%%%%:  448-block  0
call    0 never executed
    #####:  449:		      _M_nfa->_M_insert_matcher(std::move(__matcher))));
    %%%%%:  449-block  0
call    0 never executed
call    1 never executed
    #####:  450:    }
call    0 never executed
    $$$$$:  450-block  0
call    1 never executed
------------------
_ZNSt8__detail9_CompilerINSt7__cxx1112regex_traitsIcEEE25_M_insert_bracket_matcherILb1ELb0EEEvb:
function _ZNSt8__detail9_CompilerINSt7__cxx1112regex_traitsIcEEE25_M_insert_bracket_matcherILb1ELb0EEEvb called 0 returned 0% blocks executed 0%
    #####:  424:    _Compiler<_TraitsT>::
        -:  425:    _M_insert_bracket_matcher(bool __neg)
        -:  426:    {
    #####:  427:      _BracketMatcher<_TraitsT, __icase, __collate> __matcher(__neg, _M_traits);
    %%%%%:  427-block  0
call    0 never executed
branch  1 never executed
branch  2 never executed
    #####:  428:      pair<bool, _CharT> __last_char; // Optional<_CharT>
    #####:  429:      __last_char.first = false;
    #####:  430:      if (!(_M_flags & regex_constants::ECMAScript))
    %%%%%:  430-block  0
call    0 never executed
branch  1 never executed
branch  2 never executed
        -:  431:	{
    #####:  432:	  if (_M_try_char())
    %%%%%:  432-block  0
call    0 never executed
branch  1 never executed
branch  2 never executed
    %%%%%:  432-block  1
branch  3 never executed
branch  4 never executed
        -:  433:	    {
    #####:  434:	      __last_char.first = true;
    #####:  435:	      __last_char.second = _M_value[0];
    %%%%%:  435-block  0
call    0 never executed
branch  1 never executed
branch  2 never executed
    %%%%%:  435-block  1
        -:  436:	    }
    #####:  437:	  else if (_M_match_token(_ScannerT::_S_token_bracket_dash))
    %%%%%:  437-block  0
call    0 never executed
branch  1 never executed
branch  2 never executed
    %%%%%:  437-block  1
branch  3 never executed
branch  4 never executed
        -:  438:	    {
    #####:  439:	      __last_char.first = true;
    #####:  440:	      __last_char.second = '-';
    %%%%%:  440-block  0
        -:  441:	    }
        -:  442:	}
    #####:  443:      while (_M_expression_term(__last_char, __matcher));
    %%%%%:  443-block  0
    %%%%%:  443-block  1
call    0 never executed
branch  1 never executed
branch  2 never executed
    %%%%%:  443-block  2
branch  3 never executed
branch  4 never executed
    #####:  444:      if (__last_char.first)
    %%%%%:  444-block  0
branch  0 never executed
branch  1 never executed
    #####:  445:	__matcher._M_add_char(__last_char.second);
    %%%%%:  445-block  0
call    0 never executed
branch  1 never executed
branch  2 never executed
    #####:  446:      __matcher._M_ready();
    %%%%%:  446-block  0
call    0 never executed
branch  1 never executed
branch  2 never executed
    #####:  447:      _M_stack.push(_StateSeqT(
call    0 never executed
branch  1 never executed
branch  2 never executed
    %%%%%:  447-block  0
call    3 never executed
branch  4 never executed
branch  5 never executed
call    6 never executed
call    7 never executed
branch  8 never executed
branch  9 never executed
    %%%%%:  447-block  1
call   10 never executed
    $$$$$:  447-block  2
    $$$$$:  447-block  3
call   11 never executed
    $$$$$:  447-block  4
    #####:  448:		      *_M_nfa,
    %%%%%:  448-block  0
call    0 never executed
    #####:  449:		      _M_nfa->_M_insert_matcher(std::move(__matcher))));
    %%%%%:  449-block  0
call    0 never executed
call    1 never executed
    #####:  450:    }
call    0 never executed
    $$$$$:  450-block  0
call    1 never executed
------------------
_ZNSt8__detail9_CompilerINSt7__cxx1112regex_traitsIcEEE25_M_insert_bracket_matcherILb0ELb1EEEvb:
function _ZNSt8__detail9_CompilerINSt7__cxx1112regex_traitsIcEEE25_M_insert_bracket_matcherILb0ELb1EEEvb called 0 returned 0% blocks executed 0%
    #####:  424:    _Compiler<_TraitsT>::
        -:  425:    _M_insert_bracket_matcher(bool __neg)
        -:  426:    {
    #####:  427:      _BracketMatcher<_TraitsT, __icase, __collate> __matcher(__neg, _M_traits);
    %%%%%:  427-block  0
call    0 never executed
branch  1 never executed
branch  2 never executed
    #####:  428:      pair<bool, _CharT> __last_char; // Optional<_CharT>
    #####:  429:      __last_char.first = false;
    #####:  430:      if (!(_M_flags & regex_constants::ECMAScript))
    %%%%%:  430-block  0
call    0 never executed
branch  1 never executed
branch  2 never executed
        -:  431:	{
    #####:  432:	  if (_M_try_char())
    %%%%%:  432-block  0
call    0 never executed
branch  1 never executed
branch  2 never executed
    %%%%%:  432-block  1
branch  3 never executed
branch  4 never executed
        -:  433:	    {
    #####:  434:	      __last_char.first = true;
    #####:  435:	      __last_char.second = _M_value[0];
    %%%%%:  435-block  0
call    0 never executed
branch  1 never executed
branch  2 never executed
    %%%%%:  435-block  1
        -:  436:	    }
    #####:  437:	  else if (_M_match_token(_ScannerT::_S_token_bracket_dash))
    %%%%%:  437-block  0
call    0 never executed
branch  1 never executed
branch  2 never executed
    %%%%%:  437-block  1
branch  3 never executed
branch  4 never executed
        -:  438:	    {
    #####:  439:	      __last_char.first = true;
    #####:  440:	      __last_char.second = '-';
    %%%%%:  440-block  0
        -:  441:	    }
        -:  442:	}
    #####:  443:      while (_M_expression_term(__last_char, __matcher));
    %%%%%:  443-block  0
    %%%%%:  443-block  1
call    0 never executed
branch  1 never executed
branch  2 never executed
    %%%%%:  443-block  2
branch  3 never executed
branch  4 never executed
    #####:  444:      if (__last_char.first)
    %%%%%:  444-block  0
branch  0 never executed
branch  1 never executed
    #####:  445:	__matcher._M_add_char(__last_char.second);
    %%%%%:  445-block  0
call    0 never executed
branch  1 never executed
branch  2 never executed
    #####:  446:      __matcher._M_ready();
    %%%%%:  446-block  0
call    0 never executed
branch  1 never executed
branch  2 never executed
    #####:  447:      _M_stack.push(_StateSeqT(
call    0 never executed
branch  1 never executed
branch  2 never executed
    %%%%%:  447-block  0
call    3 never executed
branch  4 never executed
branch  5 never executed
call    6 never executed
call    7 never executed
branch  8 never executed
branch  9 never executed
    %%%%%:  447-block  1
call   10 never executed
    $$$$$:  447-block  2
    $$$$$:  447-block  3
call   11 never executed
    $$$$$:  447-block  4
    #####:  448:		      *_M_nfa,
    %%%%%:  448-block  0
call    0 never executed
    #####:  449:		      _M_nfa->_M_insert_matcher(std::move(__matcher))));
    %%%%%:  449-block  0
call    0 never executed
call    1 never executed
    #####:  450:    }
call    0 never executed
    $$$$$:  450-block  0
call    1 never executed
------------------
_ZNSt8__detail9_CompilerINSt7__cxx1112regex_traitsIcEEE25_M_insert_bracket_matcherILb0ELb0EEEvb:
function _ZNSt8__detail9_CompilerINSt7__cxx1112regex_traitsIcEEE25_M_insert_bracket_matcherILb0ELb0EEEvb called 483 returned 100% blocks executed 61%
      483:  424:    _Compiler<_TraitsT>::
        -:  425:    _M_insert_bracket_matcher(bool __neg)
        -:  426:    {
      483:  427:      _BracketMatcher<_TraitsT, __icase, __collate> __matcher(__neg, _M_traits);
      483:  427-block  0
call    0 returned 483
branch  1 taken 483 (fallthrough)
branch  2 taken 0 (throw)
      483:  428:      pair<bool, _CharT> __last_char; // Optional<_CharT>
      483:  429:      __last_char.first = false;
      483:  430:      if (!(_M_flags & regex_constants::ECMAScript))
      483:  430-block  0
call    0 returned 483
branch  1 taken 0 (fallthrough)
branch  2 taken 483
        -:  431:	{
    #####:  432:	  if (_M_try_char())
    %%%%%:  432-block  0
call    0 never executed
branch  1 never executed
branch  2 never executed
    %%%%%:  432-block  1
branch  3 never executed
branch  4 never executed
        -:  433:	    {
    #####:  434:	      __last_char.first = true;
    #####:  435:	      __last_char.second = _M_value[0];
    %%%%%:  435-block  0
call    0 never executed
branch  1 never executed
branch  2 never executed
    %%%%%:  435-block  1
        -:  436:	    }
    #####:  437:	  else if (_M_match_token(_ScannerT::_S_token_bracket_dash))
    %%%%%:  437-block  0
call    0 never executed
branch  1 never executed
branch  2 never executed
    %%%%%:  437-block  1
branch  3 never executed
branch  4 never executed
        -:  438:	    {
    #####:  439:	      __last_char.first = true;
    #####:  440:	      __last_char.second = '-';
    %%%%%:  440-block  0
        -:  441:	    }
        -:  442:	}
     3849:  443:      while (_M_expression_term(__last_char, __matcher));
      483:  443-block  0
     3849:  443-block  1
call    0 returned 3849
branch  1 taken 3849 (fallthrough)
branch  2 taken 0 (throw)
     3849:  443-block  2
branch  3 taken 3366
branch  4 taken 483 (fallthrough)
      483:  444:      if (__last_char.first)
      483:  444-block  0
branch  0 taken 180 (fallthrough)
branch  1 taken 303
      180:  445:	__matcher._M_add_char(__last_char.second);
      180:  445-block  0
call    0 returned 180
branch  1 taken 180 (fallthrough)
branch  2 taken 0 (throw)
      483:  446:      __matcher._M_ready();
      483:  446-block  0
call    0 returned 483
branch  1 taken 483 (fallthrough)
branch  2 taken 0 (throw)
      966:  447:      _M_stack.push(_StateSeqT(
call    0 returned 483
branch  1 taken 483 (fallthrough)
branch  2 taken 0 (throw)
      483:  447-block  0
call    3 returned 483
branch  4 taken 483 (fallthrough)
branch  5 taken 0 (throw)
call    6 returned 483
call    7 returned 483
branch  8 taken 483 (fallthrough)
branch  9 taken 0 (throw)
      483:  447-block  1
call   10 returned 483
    $$$$$:  447-block  2
    $$$$$:  447-block  3
call   11 never executed
    $$$$$:  447-block  4
      483:  448:		      *_M_nfa,
      483:  448-block  0
call    0 returned 483
      483:  449:		      _M_nfa->_M_insert_matcher(std::move(__matcher))));
      483:  449-block  0
call    0 returned 483
call    1 returned 483
      483:  450:    }
call    0 returned 483
    $$$$$:  450-block  0
call    1 never executed
------------------
        -:  451:
        -:  452:  template<typename _TraitsT>
        -:  453:  template<bool __icase, bool __collate>
        -:  454:    bool
    3849*:  455:    _Compiler<_TraitsT>::
        -:  456:    _M_expression_term(pair<bool, _CharT>& __last_char,
        -:  457:		       _BracketMatcher<_TraitsT, __icase, __collate>& __matcher)
        -:  458:    {
    3849*:  459:      if (_M_match_token(_ScannerT::_S_token_bracket_end))
     483*:  460:	return false;
        -:  461:
   10935*:  462:      const auto __push_char = [&](_CharT __ch)
        -:  463:      {
    2523*:  464:	if (__last_char.first)
    %%%%%:  464-block  0
branch  0 never executed
branch  1 never executed
    %%%%%:  464-block  1
branch  2 never executed
branch  3 never executed
    %%%%%:  464-block  2
branch  4 never executed
branch  5 never executed
     2523:  464-block  3
branch  6 taken 1500 (fallthrough)
branch  7 taken 1023
    1500*:  465:	  __matcher._M_add_char(__last_char.second);
    %%%%%:  465-block  0
call    0 never executed
    %%%%%:  465-block  1
call    1 never executed
    %%%%%:  465-block  2
call    2 never executed
     1500:  465-block  3
call    3 returned 1500
        -:  466:	else
    1023*:  467:	  __last_char.first = true;
    %%%%%:  467-block  0
    %%%%%:  467-block  1
    %%%%%:  467-block  2
     1023:  467-block  3
    2523*:  468:	__last_char.second = __ch;
        -:  469:      };
    3366*:  470:      const auto __flush = [&]
        -:  471:      {
    #####:  472:	if (__last_char.first)
    %%%%%:  472-block  0
branch  0 never executed
branch  1 never executed
    %%%%%:  472-block  1
branch  2 never executed
branch  3 never executed
    %%%%%:  472-block  2
branch  4 never executed
branch  5 never executed
    %%%%%:  472-block  3
branch  6 never executed
branch  7 never executed
        -:  473:	  {
    #####:  474:	    __matcher._M_add_char(__last_char.second);
    %%%%%:  474-block  0
call    0 never executed
    %%%%%:  474-block  1
call    1 never executed
    %%%%%:  474-block  2
call    2 never executed
    %%%%%:  474-block  3
call    3 never executed
    #####:  475:	    __last_char.first = false;
        -:  476:	  }
        -:  477:      };
        -:  478:
    3366*:  479:      if (_M_match_token(_ScannerT::_S_token_collsymbol))
        -:  480:	{
    #####:  481:	  auto __symbol = __matcher._M_add_collate_element(_M_value);
    #####:  482:	  if (__symbol.size() == 1)
    #####:  483:	    __push_char(__symbol[0]);
        -:  484:	  else
    #####:  485:	    __flush();
    #####:  486:	}
    3366*:  487:      else if (_M_match_token(_ScannerT::_S_token_equiv_class_name))
        -:  488:	{
    #####:  489:	  __flush();
    #####:  490:	  __matcher._M_add_equivalence_class(_M_value);
        -:  491:	}
[...]
branch  3 taken 0 (fallthrough)
branch  4 taken 3366
        -:  488:	{
    #####:  489:	  __flush();
    %%%%%:  489-block  0
call    0 never executed
branch  1 never executed
branch  2 never executed
    #####:  490:	  __matcher._M_add_equivalence_class(_M_value);
    %%%%%:  490-block  0
call    0 never executed
branch  1 never executed
branch  2 never executed
        -:  491:	}
     3366:  492:      else if (_M_match_token(_ScannerT::_S_token_char_class_name))
     3366:  492-block  0
call    0 returned 3366
branch  1 taken 3366 (fallthrough)
branch  2 taken 0 (throw)
     3366:  492-block  1
branch  3 taken 0 (fallthrough)
branch  4 taken 3366
        -:  493:	{
    #####:  494:	  __flush();
    %%%%%:  494-block  0
call    0 never executed
branch  1 never executed
branch  2 never executed
    #####:  495:	  __matcher._M_add_character_class(_M_value, false);
    %%%%%:  495-block  0
call    0 never executed
branch  1 never executed
branch  2 never executed
        -:  496:	}
     3366:  497:      else if (_M_try_char())
     3366:  497-block  0
call    0 returned 3366
branch  1 taken 3366 (fallthrough)
branch  2 taken 0 (throw)
     3366:  497-block  1
branch  3 taken 2403 (fallthrough)
branch  4 taken 963
     2403:  498:	__push_char(_M_value[0]);
     2403:  498-block  0
call    0 returned 2403
branch  1 taken 2403 (fallthrough)
branch  2 taken 0 (throw)
     2403:  498-block  1
call    3 returned 2403
branch  4 taken 2403 (fallthrough)
branch  5 taken 0 (throw)
        -:  499:      // POSIX doesn't allow '-' as a start-range char (say [a-z--0]),
        -:  500:      // except when the '-' is the first or last character in the bracket
        -:  501:      // expression ([--0]). ECMAScript treats all '-' after a range as a
        -:  502:      // normal character. Also see above, where _M_expression_term gets called.
        -:  503:      //
        -:  504:      // As a result, POSIX rejects [-----], but ECMAScript doesn't.
        -:  505:      // Boost (1.57.0) always uses POSIX style even in its ECMAScript syntax.
        -:  506:      // Clang (3.5) always uses ECMAScript style even in its POSIX syntax.
        -:  507:      //
        -:  508:      // It turns out that no one reads BNFs ;)
      963:  509:      else if (_M_match_token(_ScannerT::_S_token_bracket_dash))
      963:  509-block  0
call    0 returned 963
branch  1 taken 963 (fallthrough)
branch  2 taken 0 (throw)
      963:  509-block  1
branch  3 taken 963 (fallthrough)
branch  4 taken 0
        -:  510:	{
      963:  511:	  if (!__last_char.first)
      963:  511-block  0
branch  0 taken 120 (fallthrough)
branch  1 taken 843
        -:  512:	    {
      120:  513:	      if (!(_M_flags & regex_constants::ECMAScript))
      120:  513-block  0
call    0 returned 120
branch  1 taken 0 (fallthrough)
branch  2 taken 120
        -:  514:		{
    #####:  515:		  if (_M_match_token(_ScannerT::_S_token_bracket_end))
    %%%%%:  515-block  0
call    0 never executed
branch  1 never executed
branch  2 never executed
    %%%%%:  515-block  1
branch  3 never executed
branch  4 never executed
        -:  516:		    {
    #####:  517:		      __push_char('-');
    %%%%%:  517-block  0
call    0 never executed
branch  1 never executed
branch  2 never executed
    #####:  518:		      return false;
    %%%%%:  518-block  0
        -:  519:		    }
    #####:  520:		  __throw_regex_error(
    %%%%%:  520-block  0
call    0 never executed
branch  1 never executed
branch  2 never executed
        -:  521:		    regex_constants::error_range,
        -:  522:		    "Unexpected dash in bracket expression. For POSIX syntax, "
        -:  523:		    "a dash is not treated literally only when it is at "
        -:  524:		    "beginning or end.");
        -:  525:		}
      120:  526:	      __push_char('-');
      120:  526-block  0
call    0 returned 120
branch  1 taken 120 (fallthrough)
branch  2 taken 0 (throw)
        -:  527:	    }
        -:  528:	  else
        -:  529:	    {
      843:  530:	      if (_M_try_char())
      843:  530-block  0
call    0 returned 843
branch  1 taken 843 (fallthrough)
branch  2 taken 0 (throw)
      843:  530-block  1
branch  3 taken 843 (fallthrough)
branch  4 taken 0
        -:  531:		{
      843:  532:		  __matcher._M_make_range(__last_char.second, _M_value[0]);
      843:  532-block  0
call    0 returned 843
branch  1 taken 843 (fallthrough)
branch  2 taken 0 (throw)
      843:  532-block  1
call    3 returned 843
branch  4 taken 843 (fallthrough)
branch  5 taken 0 (throw)
      843:  533:		  __last_char.first = false;
      843:  533-block  0
        -:  534:		}
    #####:  535:	      else if (_M_match_token(_ScannerT::_S_token_bracket_dash))
    %%%%%:  535-block  0
call    0 never executed
branch  1 never executed
branch  2 never executed
    %%%%%:  535-block  1
branch  3 never executed
branch  4 never executed
        -:  536:		{
    #####:  537:		  __matcher._M_make_range(__last_char.second, '-');
    %%%%%:  537-block  0
call    0 never executed
branch  1 never executed
branch  2 never executed
    #####:  538:		  __last_char.first = false;
    %%%%%:  538-block  0
        -:  539:		}
        -:  540:	      else
        -:  541:		{
    #####:  542:		  if (_M_scanner._M_get_token()
    %%%%%:  542-block  0
call    0 never executed
    #####:  543:		      != _ScannerT::_S_token_bracket_end)
branch  0 never executed
branch  1 never executed
    #####:  544:		    __throw_regex_error(
    %%%%%:  544-block  0
call    0 never executed
branch  1 never executed
branch  2 never executed
        -:  545:		      regex_constants::error_range,
        -:  546:		      "Character is expected after a dash.");
    #####:  547:		  __push_char('-');
    %%%%%:  547-block  0
call    0 never executed
branch  1 never executed
branch  2 never executed
        -:  548:		}
        -:  549:	    }
        -:  550:	}
    #####:  551:      else if (_M_match_token(_ScannerT::_S_token_quoted_class))
    %%%%%:  551-block  0
call    0 never executed
branch  1 never executed
branch  2 never executed
    %%%%%:  551-block  1
branch  3 never executed
branch  4 never executed
        -:  552:	{
    #####:  553:	  __flush();
    %%%%%:  553-block  0
call    0 never executed
branch  1 never executed
branch  2 never executed
    #####:  554:	  __matcher._M_add_character_class(_M_value,
call    0 never executed
branch  1 never executed
branch  2 never executed
    #####:  555:					   _M_ctype.is(_CtypeT::upper,
    #####:  556:						       _M_value[0]));
    %%%%%:  556-block  0
call    0 never executed
branch  1 never executed
branch  2 never executed
    %%%%%:  556-block  1
call    3 never executed
        -:  557:	}
        -:  558:      else
    #####:  559:	__throw_regex_error(regex_constants::error_brack,
    %%%%%:  559-block  0
call    0 never executed
branch  1 never executed
branch  2 never executed
        -:  560:			    "Unexpected character in bracket expression.");
        -:  561:
     3366:  562:      return true;
     3366:  562-block  0
        -:  563:    }
------------------
        -:  564:
        -:  565:  template<typename _TraitsT>
        -:  566:    bool
function _ZNSt8__detail9_CompilerINSt7__cxx1112regex_traitsIcEEE11_M_try_charEv called 6135 returned 100% blocks executed 69%
     6135:  567:    _Compiler<_TraitsT>::
        -:  568:    _M_try_char()
        -:  569:    {
     6135:  570:      bool __is_char = false;
     6135:  571:      if (_M_match_token(_ScannerT::_S_token_oct_num))
     6135:  571-block  0
call    0 returned 6135
branch  1 taken 0 (fallthrough)
branch  2 taken 6135
        -:  572:	{
    #####:  573:	  __is_char = true;
    #####:  574:	  _M_value.assign(1, _M_cur_int_value(8));
    %%%%%:  574-block  0
call    0 never executed
call    1 never executed
        -:  575:	}
     6135:  576:      else if (_M_match_token(_ScannerT::_S_token_hex_num))
     6135:  576-block  0
call    0 returned 6135
branch  1 taken 0 (fallthrough)
branch  2 taken 6135
        -:  577:	{
    #####:  578:	  __is_char = true;
    #####:  579:	  _M_value.assign(1, _M_cur_int_value(16));
    %%%%%:  579-block  0
call    0 never executed
call    1 never executed
        -:  580:	}
     6135:  581:      else if (_M_match_token(_ScannerT::_S_token_ord_char))
     6135:  581-block  0
call    0 returned 6135
branch  1 taken 4326 (fallthrough)
branch  2 taken 1809
     4326:  582:	__is_char = true;
     4326:  582-block  0
     6135:  583:      return __is_char;
     6135:  583-block  0
        -:  584:    }
        -:  585:
        -:  586:  template<typename _TraitsT>
        -:  587:    bool
function _ZNSt8__detail9_CompilerINSt7__cxx1112regex_traitsIcEEE14_M_match_tokenENS_12_ScannerBase7_TokenTE called 59652 returned 100% blocks executed 100%
    59652:  588:    _Compiler<_TraitsT>::
        -:  589:    _M_match_token(_TokenT token)
        -:  590:    {
    59652:  591:      if (token == _M_scanner._M_get_token())
    59652:  591-block  0
call    0 returned 59652
branch  1 taken 8613 (fallthrough)
branch  2 taken 51039
        -:  592:	{
     8613:  593:	  _M_value = _M_scanner._M_get_value();
     8613:  593-block  0
call    0 returned 8613
call    1 returned 8613
     8613:  594:	  _M_scanner._M_advance();
call    0 returned 8613
     8613:  595:	  return true;
        -:  596:	}
    51039:  597:      return false;
    51039:  597-block  0
        -:  598:    }
        -:  599:
        -:  600:  template<typename _TraitsT>
        -:  601:    int
function _ZNSt8__detail9_CompilerINSt7__cxx1112regex_traitsIcEEE16_M_cur_int_valueEi called 543 returned 100% blocks executed 100%
      543:  602:    _Compiler<_TraitsT>::
        -:  603:    _M_cur_int_value(int __radix)
        -:  604:    {
      543:  605:      long __v = 0;
      543:  606:      for (typename _StringT::size_type __i = 0;
      543:  606-block  0
     1206:  607:	   __i < _M_value.length(); ++__i)
     1206:  607-block  0
call    0 returned 1206
branch  1 taken 663
branch  2 taken 543 (fallthrough)
      663:  608:	__v =__v * __radix + _M_traits.value(_M_value[__i], __radix);
      663:  608-block  0
call    0 returned 663
call    1 returned 663
      543:  609:      return __v;
      543:  609-block  0
        -:  610:    }
        -:  611:
        -:  612:  template<typename _TraitsT, bool __icase, bool __collate>
        -:  613:    bool
  123648*:  614:    _BracketMatcher<_TraitsT, __icase, __collate>::
        -:  615:    _M_apply(_CharT __ch, false_type) const
        -:  616:    {
 1458936*:  617:      return [this, __ch]
        -:  618:      {
  123648*:  619:	if (std::binary_search(_M_char_set.begin(), _M_char_set.end(),
call    0 never executed
call    1 never executed
branch  2 never executed
branch  3 never executed
call    4 never executed
call    5 never executed
branch  6 never executed
branch  7 never executed
call    8 never executed
call    9 never executed
branch 10 never executed
branch 11 never executed
call   12 returned 123648
call   13 returned 123648
branch 14 taken 123648 (fallthrough)
branch 15 taken 0 (throw)
  247296*:  620:			       _M_translator._M_translate(__ch)))
    %%%%%:  620-block  0
call    0 never executed
branch  1 never executed
branch  2 never executed
    %%%%%:  620-block  1
call    3 never executed
    %%%%%:  620-block  2
branch  4 never executed
branch  5 never executed
    $$$$$:  620-block  3
    %%%%%:  620-block  4
call    6 never executed
call    7 never executed
    %%%%%:  620-block  5
branch  8 never executed
branch  9 never executed
    $$$$$:  620-block  6
call   10 never executed
    %%%%%:  620-block  7
call   11 never executed
branch 12 never executed
branch 13 never executed
    %%%%%:  620-block  8
call   14 never executed
    %%%%%:  620-block  9
branch 15 never executed
branch 16 never executed
    $$$$$:  620-block 10
   123648:  620-block 11
call   17 returned 123648
call   18 returned 123648
   123648:  620-block 12
branch 19 taken 1620 (fallthrough)
branch 20 taken 122028
    $$$$$:  620-block 13
call   21 never executed
    1620*:  621:	  return true;
    %%%%%:  621-block  0
    %%%%%:  621-block  1
    %%%%%:  621-block  2
     1620:  621-block  3
  122028*:  622:	auto __s = _M_translator._M_transform(__ch);
    %%%%%:  622-block  0
call    0 never executed
branch  1 never executed
branch  2 never executed
    %%%%%:  622-block  1
call    3 never executed
    %%%%%:  622-block  2
call    4 never executed
branch  5 never executed
branch  6 never executed
   122028:  622-block  3
call    7 returned 122028
  304746*:  623:	for (auto& __it : _M_range_set)
    %%%%%:  623-block  0
call    0 never executed
call    1 never executed
    %%%%%:  623-block  1
call    2 never executed
    %%%%%:  623-block  2
call    3 never executed
    %%%%%:  623-block  3
call    4 never executed
branch  5 never executed
branch  6 never executed
call    7 never executed
call    8 never executed
    %%%%%:  623-block  4
call    9 never executed
    %%%%%:  623-block  5
call   10 never executed
    %%%%%:  623-block  6
call   11 never executed
branch 12 never executed
branch 13 never executed
    %%%%%:  623-block  7
call   14 never executed
call   15 never executed
    %%%%%:  623-block  8
call   16 never executed
    %%%%%:  623-block  9
call   17 never executed
    %%%%%:  623-block 10
call   18 never executed
branch 19 never executed
branch 20 never executed
call   21 returned 122028
call   22 returned 122028
   196908:  623-block 11
call   23 returned 196908
   182718:  623-block 12
call   24 returned 182718
   304746:  623-block 13
call   25 returned 304746
branch 26 taken 196908
branch 27 taken 107838 (fallthrough)
  196908*:  624:	  if (_M_translator._M_match_range(__it.first, __it.second, __s))
call    0 never executed
branch  1 never executed
branch  2 never executed
    %%%%%:  624-block  0
branch  3 never executed
branch  4 never executed
call    5 never executed
branch  6 never executed
branch  7 never executed
    %%%%%:  624-block  1
branch  8 never executed
branch  9 never executed
call   10 never executed
branch 11 never executed
branch 12 never executed
call   13 returned 196908
branch 14 taken 14190 (fallthrough)
branch 15 taken 182718
   14190*:  625:	    return true;
    %%%%%:  625-block  0
    %%%%%:  625-block  1
    %%%%%:  625-block  2
    14190:  625-block  3
  107838*:  626:	if (_M_traits.isctype(__ch, _M_class_set))
    %%%%%:  626-block  0
call    0 never executed
branch  1 never executed
branch  2 never executed
    %%%%%:  626-block  1
branch  3 never executed
branch  4 never executed
    %%%%%:  626-block  2
call    5 never executed
branch  6 never executed
branch  7 never executed
    %%%%%:  626-block  3
call    8 never executed
branch  9 never executed
branch 10 never executed
    %%%%%:  626-block  4
branch 11 never executed
branch 12 never executed
   107838:  626-block  5
call   13 returned 107838
branch 14 taken 0 (fallthrough)
branch 15 taken 107838
    #####:  627:	  return true;
    %%%%%:  627-block  0
    %%%%%:  627-block  1
    %%%%%:  627-block  2
    %%%%%:  627-block  3
  215676*:  628:	if (std::find(_M_equiv_set.begin(), _M_equiv_set.end(),
    %%%%%:  628-block  0
call    0 never executed
call    1 never executed
call    2 never executed
branch  3 never executed
branch  4 never executed
call    5 never executed
    $$$$$:  628-block  1
call    6 never executed
    $$$$$:  628-block  2
    %%%%%:  628-block  3
call    7 never executed
call    8 never executed
call    9 never executed
branch 10 never executed
branch 11 never executed
call   12 never executed
    $$$$$:  628-block  4
call   13 never executed
    $$$$$:  628-block  5
    %%%%%:  628-block  6
call   14 never executed
call   15 never executed
call   16 never executed
branch 17 never executed
branch 18 never executed
call   19 never executed
    $$$$$:  628-block  7
call   20 never executed
    $$$$$:  628-block  8
   107838:  628-block  9
call   21 returned 107838
call   22 returned 107838
call   23 returned 107838
branch 24 taken 107838 (fallthrough)
branch 25 taken 0 (throw)
call   26 returned 107838
    $$$$$:  628-block 10
call   27 never executed
    $$$$$:  628-block 11
  107838*:  629:		      _M_traits.transform_primary(&__ch, &__ch+1))
call    0 never executed
branch  1 never executed
branch  2 never executed
call    3 never executed
branch  4 never executed
branch  5 never executed
call    6 never executed
branch  7 never executed
branch  8 never executed
call    9 returned 107838
branch 10 taken 107838 (fallthrough)
branch 11 taken 0 (throw)
  323514*:  630:	    != _M_equiv_set.end())
    %%%%%:  630-block  0
call    0 never executed
    %%%%%:  630-block  1
call    1 never executed
branch  2 never executed
branch  3 never executed
    $$$$$:  630-block  2
    %%%%%:  630-block  3
call    4 never executed
    %%%%%:  630-block  4
call    5 never executed
branch  6 never executed
branch  7 never executed
    $$$$$:  630-block  5
call    8 never executed
    %%%%%:  630-block  6
call    9 never executed
    %%%%%:  630-block  7
call   10 never executed
branch 11 never executed
branch 12 never executed
    $$$$$:  630-block  8
   107838:  630-block  9
call   13 returned 107838
   107838:  630-block 10
call   14 returned 107838
branch 15 taken 0 (fallthrough)
branch 16 taken 107838
    $$$$$:  630-block 11
call   17 never executed
    #####:  631:	  return true;
    %%%%%:  631-block  0
    %%%%%:  631-block  1
    %%%%%:  631-block  2
    %%%%%:  631-block  3
  107838*:  632:	for (auto& __it : _M_neg_class_set)
    %%%%%:  632-block  0
call    0 never executed
call    1 never executed
    %%%%%:  632-block  1
call    2 never executed
    %%%%%:  632-block  2
call    3 never executed
    %%%%%:  632-block  3
call    4 never executed
branch  5 never executed
branch  6 never executed
    %%%%%:  632-block  4
call    7 never executed
call    8 never executed
    %%%%%:  632-block  5
call    9 never executed
    %%%%%:  632-block  6
call   10 never executed
    %%%%%:  632-block  7
call   11 never executed
branch 12 never executed
branch 13 never executed
    %%%%%:  632-block  8
call   14 never executed
call   15 never executed
    %%%%%:  632-block  9
call   16 never executed
    %%%%%:  632-block 10
call   17 never executed
    %%%%%:  632-block 11
call   18 never executed
branch 19 never executed
branch 20 never executed
   107838:  632-block 12
call   21 returned 107838
call   22 returned 107838
    %%%%%:  632-block 13
call   23 never executed
    %%%%%:  632-block 14
call   24 never executed
   107838:  632-block 15
call   25 returned 107838
branch 26 taken 0
branch 27 taken 107838 (fallthrough)
    #####:  633:	  if (!_M_traits.isctype(__ch, __it))
call    0 never executed
branch  1 never executed
branch  2 never executed
    %%%%%:  633-block  0
branch  3 never executed
branch  4 never executed
call    5 never executed
branch  6 never executed
branch  7 never executed
    %%%%%:  633-block  1
branch  8 never executed
branch  9 never executed
call   10 never executed
branch 11 never executed
branch 12 never executed
    %%%%%:  633-block  2
branch 13 never executed
branch 14 never executed
call   15 never executed
branch 16 never executed
branch 17 never executed
    %%%%%:  633-block  3
branch 18 never executed
branch 19 never executed
    #####:  634:	    return true;
    %%%%%:  634-block  0
    %%%%%:  634-block  1
    %%%%%:  634-block  2
    %%%%%:  634-block  3
  107838*:  635:	return false;
    %%%%%:  635-block  0
    %%%%%:  635-block  1
    %%%%%:  635-block  2
   107838:  635-block  3
  123648*:  636:      }() ^ _M_is_non_matching;
    %%%%%:  636-block  0
call    0 never executed
    $$$$$:  636-block  1
call    1 never executed
    %%%%%:  636-block  2
call    2 never executed
    $$$$$:  636-block  3
call    3 never executed
        -:  637:    }
        -:  638:} // namespace __detail
        -:  639:
        -:  640:_GLIBCXX_END_NAMESPACE_VERSION
        -:  641:} // namespace
