        -:    0:Source:/home/ioana/second_semester/oop/assignments/a6-913-Gabor-Ioana-1/repository/Repository.h
        -:    0:Graph:/home/ioana/second_semester/oop/assignments/a6-913-Gabor-Ioana-1/cmake-build-debug-coverage/CMakeFiles/a6_913_Gabor_Ioana_1.dir/controller/EventsController.cpp.gcno
        -:    0:Data:/home/ioana/second_semester/oop/assignments/a6-913-Gabor-Ioana-1/cmake-build-debug-coverage/CMakeFiles/a6_913_Gabor_Ioana_1.dir/controller/EventsController.cpp.gcda
        -:    0:Runs:1
        -:    1://
        -:    2:// Created by ioana on 30.03.2023.
        -:    3://
        -:    4:
        -:    5:#ifndef A45_913_GABOR_IOANA_REPOSITORY_H
        -:    6:#define A45_913_GABOR_IOANA_REPOSITORY_H
        -:    7:
        -:    8:
        -:    9:#include <string>
        -:   10:#include <vector>
        -:   11:#include <algorithm>
        -:   12:#include "domain/AppExceptions.h"
        -:   13:
        -:   14:template<class T>
        -:   15:class Repository {
        -:   16:private:
        -:   17:    std::vector<T> entities;
        -:   18:public:
        -:   19:    Repository();
        -:   20:
        -:   21:    void add(T element);
        -:   22:
        -:   23:    void remove(std::string element_id);
        -:   24:
        -:   25:    void update(T element);
        -:   26:
        -:   27:    std::vector<T> getAllEntities();
        -:   28:
        -:   29:    T getElementById(const std::string &elementId);
        -:   30:
        -:   31:    bool isPresent(const std::string &elementId);
        -:   32:
        -:   33:private:
        -:   34:    int findPosition(const std::string &element_id);
        -:   35:
        -:   36:};
        -:   37:
        -:   38:template<class T>
function _ZN10RepositoryI5EventE14getElementByIdERKNSt7__cxx1112basic_stringIcSt11char_traitsIcESaIcEEE called 7 returned 86% blocks executed 70%
        7:   39:T Repository<T>::getElementById(const std::string &elementId) {
        7:   40:    auto iteratorToFoundElement = std::find_if(entities.begin()
        7:   40-block  0
call    0 returned 7
call    1 returned 7
call    2 returned 7
branch  3 taken 7 (fallthrough)
branch  4 taken 0 (throw)
        -:   41:                 , entities.end(),
function _ZZN10RepositoryI5EventE14getElementByIdERKNSt7__cxx1112basic_stringIcSt11char_traitsIcESaIcEEEENKUlS0_E_clES0_ called 11 returned 100% blocks executed 100%
       11:   42:                 [&elementId](T element) { return element.getId() == elementId; });
       11:   42-block  0
call    0 returned 11
call    1 returned 11
call    2 returned 11
        7:   43:    if(iteratorToFoundElement==entities.end()){
        7:   43-block  0
call    0 returned 7
call    1 returned 7
branch  2 taken 1 (fallthrough)
branch  3 taken 6
        1:   44:        throw RepositoryException("element was not found!");
        1:   44-block  0
call    0 returned 1
call    1 returned 1
call    2 returned 1
branch  3 taken 1 (fallthrough)
branch  4 taken 0 (throw)
        1:   44-block  1
call    5 returned 1
branch  6 taken 1 (fallthrough)
branch  7 taken 0 (throw)
        1:   44-block  2
call    8 returned 1
call    9 returned 1
call   10 returned 1
    $$$$$:   44-block  3
call   11 never executed
    $$$$$:   44-block  4
    $$$$$:   44-block  5
call   12 never executed
    $$$$$:   44-block  6
    $$$$$:   44-block  7
call   13 never executed
        -:   45:    }
       12:   46:    return *iteratorToFoundElement;
        6:   46-block  0
call    0 returned 6
call    1 returned 6
branch  2 taken 6 (fallthrough)
branch  3 taken 0 (throw)
        6:   46-block  1
        -:   47:}
        -:   48:
        -:   49:
        -:   50:template<class T>
function _ZN10RepositoryI5EventE9isPresentERKNSt7__cxx1112basic_stringIcSt11char_traitsIcESaIcEEE called 12 returned 100% blocks executed 100%
       12:   51:bool Repository<T>::isPresent(const std::string &elementId) {
       12:   52:    auto iteratorToFoundElement = std::find_if(entities.begin()
       12:   52-block  0
call    0 returned 12
call    1 returned 12
call    2 returned 12
branch  3 taken 12 (fallthrough)
branch  4 taken 0 (throw)
        -:   53:            , entities.end(),
function _ZZN10RepositoryI5EventE9isPresentERKNSt7__cxx1112basic_stringIcSt11char_traitsIcESaIcEEEENKUlS0_E_clES0_ called 13 returned 100% blocks executed 100%
       13:   54:            [&elementId](T element) { return element.getId() == elementId; });
       13:   54-block  0
call    0 returned 13
call    1 returned 13
call    2 returned 13
       12:   55:    return iteratorToFoundElement != entities.end();
       12:   55-block  0
call    0 returned 12
call    1 returned 12
       12:   55-block  1
        -:   56:}
        -:   57:
        -:   58:template<class T>
function _ZN10RepositoryI5EventE14getAllEntitiesEv called 12 returned 100% blocks executed 100%
       12:   59:std::vector<T> Repository<T>::getAllEntities() {
       12:   60:    return this->entities;
       12:   60-block  0
call    0 returned 12
        -:   61:}
        -:   62:
        -:   63:template<class T>
function _ZN10RepositoryI5EventEC2Ev called 0 returned 0% blocks executed 0%
    #####:   64:Repository<T>::Repository() {
    %%%%%:   64-block  0
call    0 never executed
    #####:   65:    this->entities = std::vector<T>();
call    0 never executed
call    1 never executed
call    2 never executed
    #####:   66:}
        -:   67:
        -:   68:template<class T>
function _ZN10RepositoryI5EventE12findPositionERKNSt7__cxx1112basic_stringIcSt11char_traitsIcESaIcEEE called 58 returned 100% blocks executed 100%
       58:   69:int Repository<T>::findPosition(const std::string &elementId) {
       58:   70:    auto iteratorToFoundElement = std::find_if(entities.begin()
       58:   70-block  0
call    0 returned 58
call    1 returned 58
call    2 returned 58
branch  3 taken 58 (fallthrough)
branch  4 taken 0 (throw)
        -:   71:            , entities.end(),
function _ZZN10RepositoryI5EventE12findPositionERKNSt7__cxx1112basic_stringIcSt11char_traitsIcESaIcEEEENKUlS0_E_clES0_ called 111 returned 100% blocks executed 100%
      111:   72:            [&elementId](T element) { return element.getId() == elementId; });
      111:   72-block  0
call    0 returned 111
call    1 returned 111
call    2 returned 111
       58:   73:    if(iteratorToFoundElement==entities.end()){
       58:   73-block  0
call    0 returned 58
call    1 returned 58
branch  2 taken 48 (fallthrough)
branch  3 taken 10
       48:   74:        return -1;
       48:   74-block  0
        -:   75:    }
       10:   76:    return iteratorToFoundElement - entities.begin();
       10:   76-block  0
call    0 returned 10
call    1 returned 10
        -:   77:}
        -:   78:
        -:   79:template<class T>
function _ZN10RepositoryI5EventE6updateES0_ called 7 returned 71% blocks executed 60%
        7:   80:void Repository<T>::update(T element) {
        7:   81:    int position = this->findPosition(element.getId());
        7:   81-block  0
call    0 returned 7
call    1 returned 7
branch  2 taken 7 (fallthrough)
branch  3 taken 0 (throw)
        7:   81-block  1
call    4 returned 7
    $$$$$:   81-block  2
call    5 never executed
    $$$$$:   81-block  3
call    6 never executed
        7:   82:    if (position == -1) {
branch  0 taken 2 (fallthrough)
branch  1 taken 5
        2:   83:        throw RepositoryException("the element does not exist");
        2:   83-block  0
call    0 returned 2
call    1 returned 2
call    2 returned 2
branch  3 taken 2 (fallthrough)
branch  4 taken 0 (throw)
        2:   83-block  1
call    5 returned 2
branch  6 taken 2 (fallthrough)
branch  7 taken 0 (throw)
        2:   83-block  2
call    8 returned 2
call    9 returned 2
call   10 returned 0
    $$$$$:   83-block  3
call   11 never executed
    $$$$$:   83-block  4
    $$$$$:   83-block  5
call   12 never executed
    $$$$$:   83-block  6
    $$$$$:   83-block  7
call   13 never executed
        -:   84:    }
        5:   85:    this->entities[position] = element;
        5:   85-block  0
call    0 returned 5
call    1 returned 5
        -:   86:
        5:   87:}
        -:   88:
        -:   89:template<class T>
function _ZN10RepositoryI5EventE6removeENSt7__cxx1112basic_stringIcSt11char_traitsIcESaIcEEE called 5 returned 60% blocks executed 70%
        5:   90:void Repository<T>::remove(std::string element_id) {
        5:   91:    int position = this->findPosition(element_id);
        5:   91-block  0
call    0 returned 5
        5:   92:    if (position == -1) {
branch  0 taken 2 (fallthrough)
branch  1 taken 3
        2:   93:        throw RepositoryException("the element does not exist");
        2:   93-block  0
call    0 returned 2
call    1 returned 2
call    2 returned 2
branch  3 taken 2 (fallthrough)
branch  4 taken 0 (throw)
        2:   93-block  1
call    5 returned 2
branch  6 taken 2 (fallthrough)
branch  7 taken 0 (throw)
        2:   93-block  2
call    8 returned 2
call    9 returned 2
call   10 returned 0
    $$$$$:   93-block  3
call   11 never executed
    $$$$$:   93-block  4
    $$$$$:   93-block  5
call   12 never executed
    $$$$$:   93-block  6
    $$$$$:   93-block  7
call   13 never executed
        -:   94:    }
        3:   95:    std::swap(this->entities[position], this->entities[this->entities.size() - 1]);
        3:   95-block  0
call    0 returned 3
call    1 returned 3
call    2 returned 3
call    3 returned 3
        3:   96:    this->entities.pop_back();
call    0 returned 3
        3:   97:}
        -:   98:
        -:   99:template<class T>
function _ZN10RepositoryI5EventE3addES0_ called 46 returned 96% blocks executed 58%
       46:  100:void Repository<T>::add(T element) {
       46:  101:    int position = this->findPosition(element.getId());
       46:  101-block  0
call    0 returned 46
call    1 returned 46
branch  2 taken 46 (fallthrough)
branch  3 taken 0 (throw)
       46:  101-block  1
call    4 returned 46
    $$$$$:  101-block  2
call    5 never executed
    $$$$$:  101-block  3
call    6 never executed
       46:  102:    if (position != -1) {
branch  0 taken 2 (fallthrough)
branch  1 taken 44
        2:  103:        throw RepositoryException("the element already exists");
        2:  103-block  0
call    0 returned 2
call    1 returned 2
call    2 returned 2
branch  3 taken 2 (fallthrough)
branch  4 taken 0 (throw)
        2:  103-block  1
call    5 returned 2
branch  6 taken 2 (fallthrough)
branch  7 taken 0 (throw)
        2:  103-block  2
call    8 returned 2
call    9 returned 2
call   10 returned 0
    $$$$$:  103-block  3
call   11 never executed
    $$$$$:  103-block  4
    $$$$$:  103-block  5
call   12 never executed
    $$$$$:  103-block  6
    $$$$$:  103-block  7
call   13 never executed
        -:  104:    }
       44:  105:    this->entities.push_back(element);
       44:  105-block  0
call    0 returned 44
       44:  106:}
        -:  107:
        -:  108:
        -:  109:#endif //A45_913_GABOR_IOANA_REPOSITORY_H
