        -:    0:Source:/home/ioana/second_semester/oop/assignments/a6-913-Gabor-Ioana-1/main.cpp
        -:    0:Graph:/home/ioana/second_semester/oop/assignments/a6-913-Gabor-Ioana-1/cmake-build-debug-coverage/CMakeFiles/a6_913_Gabor_Ioana_1.dir/main.cpp.gcno
        -:    0:Data:/home/ioana/second_semester/oop/assignments/a6-913-Gabor-Ioana-1/cmake-build-debug-coverage/CMakeFiles/a6_913_Gabor_Ioana_1.dir/main.cpp.gcda
        -:    0:Runs:1
        -:    1://
        -:    2:// Created by ioana on 30.03.2023.
        -:    3://
        -:    4:#include "app_tests/TestAll.h"
        -:    5:#include "domain/Event.h"
        -:    6:#include "ui/ConsoleUI.h"
        -:    7:#include "controller/EventsController.h"
        -:    8:#include "repository/Repository.h"
        -:    9:
function main called 1 returned 100% blocks executed 62%
        1:   10:int main(){
        1:   11:    TestAll::runAllTests();
        1:   11-block  0
call    0 returned 1
branch  1 taken 1 (fallthrough)
branch  2 taken 0 (throw)
        1:   12:    Repository<Event> eventsRepository = Repository<Event>();
        1:   12-block  0
call    0 returned 1
        1:   13:    Repository<Event> userEventListRepository = Repository<Event>();
call    0 returned 1
        1:   14:    EventsController eventsController = EventsController(eventsRepository, userEventListRepository);
call    0 returned 1
branch  1 taken 1 (fallthrough)
branch  2 taken 0 (throw)
        1:   15:    ConsoleUI consoleUI = ConsoleUI(eventsController);
        1:   15-block  0
call    0 returned 1
branch  1 taken 1 (fallthrough)
branch  2 taken 0 (throw)
        1:   16:    consoleUI.runConsoleMenu();
        1:   16-block  0
call    0 returned 1
branch  1 taken 1 (fallthrough)
branch  2 taken 0 (throw)
        1:   17:}
        1:   17-block  0
call    0 returned 1
call    1 returned 1
call    2 returned 1
call    3 returned 1
        1:   17-block  1
    $$$$$:   17-block  2
call    4 never executed
    $$$$$:   17-block  3
call    5 never executed
    $$$$$:   17-block  4
call    6 never executed
    $$$$$:   17-block  5
call    7 never executed
