        -:    0:Source:/home/ioana/second_semester/oop/assignments/a6-913-Gabor-Ioana-1/repository/Repository.h
        -:    0:Graph:/home/ioana/second_semester/oop/assignments/a6-913-Gabor-Ioana-1/cmake-build-debug-coverage/CMakeFiles/a6_913_Gabor_Ioana_1.dir/app_tests/TestRepository.cpp.gcno
        -:    0:Data:/home/ioana/second_semester/oop/assignments/a6-913-Gabor-Ioana-1/cmake-build-debug-coverage/CMakeFiles/a6_913_Gabor_Ioana_1.dir/app_tests/TestRepository.cpp.gcda
        -:    0:Runs:1
        -:    1://
        -:    2:// Created by ioana on 30.03.2023.
        -:    3://
        -:    4:
        -:    5:#ifndef A45_913_GABOR_IOANA_REPOSITORY_H
        -:    6:#define A45_913_GABOR_IOANA_REPOSITORY_H
        -:    7:
        -:    8:
        -:    9:#include <string>
        -:   10:#include <vector>
        -:   11:#include <algorithm>
        -:   12:#include "domain/AppExceptions.h"
        -:   13:
        -:   14:template<class T>
        -:   15:class Repository {
        -:   16:private:
        -:   17:    std::vector<T> entities;
        -:   18:public:
        -:   19:    Repository();
        -:   20:
        -:   21:    void add(T element);
        -:   22:
        -:   23:    void remove(std::string element_id);
        -:   24:
        -:   25:    void update(T element);
        -:   26:
        -:   27:    std::vector<T> getAllEntities();
        -:   28:
        -:   29:    T getElementById(const std::string &elementId);
        -:   30:
        -:   31:    bool isPresent(const std::string &elementId);
        -:   32:
        -:   33:private:
        -:   34:    int findPosition(const std::string &element_id);
        -:   35:
        -:   36:};
        -:   37:
        -:   38:template<class T>
function _ZN10RepositoryI5EventE14getElementByIdERKNSt7__cxx1112basic_stringIcSt11char_traitsIcESaIcEEE called 0 returned 0% blocks executed 0%
    #####:   39:T Repository<T>::getElementById(const std::string &elementId) {
    #####:   40:    auto iteratorToFoundElement = std::find_if(entities.begin()
    %%%%%:   40-block  0
call    0 never executed
call    1 never executed
call    2 never executed
branch  3 never executed
branch  4 never executed
        -:   41:                 , entities.end(),
function _ZZN10RepositoryI5EventE14getElementByIdERKNSt7__cxx1112basic_stringIcSt11char_traitsIcESaIcEEEENKUlS0_E_clES0_ called 0 returned 0% blocks executed 0%
    #####:   42:                 [&elementId](T element) { return element.getId() == elementId; });
    %%%%%:   42-block  0
call    0 never executed
call    1 never executed
call    2 never executed
    #####:   43:    if(iteratorToFoundElement==entities.end()){
    %%%%%:   43-block  0
call    0 never executed
call    1 never executed
branch  2 never executed
branch  3 never executed
    #####:   44:        throw RepositoryException("element was not found!");
    %%%%%:   44-block  0
call    0 never executed
call    1 never executed
call    2 never executed
branch  3 never executed
branch  4 never executed
    %%%%%:   44-block  1
call    5 never executed
branch  6 never executed
branch  7 never executed
    %%%%%:   44-block  2
call    8 never executed
call    9 never executed
call   10 never executed
    $$$$$:   44-block  3
call   11 never executed
    $$$$$:   44-block  4
    $$$$$:   44-block  5
call   12 never executed
    $$$$$:   44-block  6
    $$$$$:   44-block  7
call   13 never executed
        -:   45:    }
    #####:   46:    return *iteratorToFoundElement;
    %%%%%:   46-block  0
call    0 never executed
call    1 never executed
branch  2 never executed
branch  3 never executed
    %%%%%:   46-block  1
        -:   47:}
        -:   48:
        -:   49:
        -:   50:template<class T>
function _ZN10RepositoryI5EventE9isPresentERKNSt7__cxx1112basic_stringIcSt11char_traitsIcESaIcEEE called 0 returned 0% blocks executed 0%
    #####:   51:bool Repository<T>::isPresent(const std::string &elementId) {
    #####:   52:    auto iteratorToFoundElement = std::find_if(entities.begin()
    %%%%%:   52-block  0
call    0 never executed
call    1 never executed
call    2 never executed
branch  3 never executed
branch  4 never executed
        -:   53:            , entities.end(),
function _ZZN10RepositoryI5EventE9isPresentERKNSt7__cxx1112basic_stringIcSt11char_traitsIcESaIcEEEENKUlS0_E_clES0_ called 0 returned 0% blocks executed 0%
    #####:   54:            [&elementId](T element) { return element.getId() == elementId; });
    %%%%%:   54-block  0
call    0 never executed
call    1 never executed
call    2 never executed
    #####:   55:    return iteratorToFoundElement != entities.end();
    %%%%%:   55-block  0
call    0 never executed
call    1 never executed
    %%%%%:   55-block  1
        -:   56:}
        -:   57:
        -:   58:template<class T>
function _ZN10RepositoryI5EventE14getAllEntitiesEv called 0 returned 0% blocks executed 0%
    #####:   59:std::vector<T> Repository<T>::getAllEntities() {
    #####:   60:    return this->entities;
    %%%%%:   60-block  0
call    0 never executed
        -:   61:}
        -:   62:
        -:   63:template<class T>
function _ZN10RepositoryI5EventEC2Ev called 0 returned 0% blocks executed 0%
    #####:   64:Repository<T>::Repository() {
    %%%%%:   64-block  0
call    0 never executed
    #####:   65:    this->entities = std::vector<T>();
call    0 never executed
call    1 never executed
call    2 never executed
    #####:   66:}
        -:   67:
        -:   68:template<class T>
function _ZN10RepositoryI5EventE12findPositionERKNSt7__cxx1112basic_stringIcSt11char_traitsIcESaIcEEE called 0 returned 0% blocks executed 0%
    #####:   69:int Repository<T>::findPosition(const std::string &elementId) {
    #####:   70:    auto iteratorToFoundElement = std::find_if(entities.begin()
    %%%%%:   70-block  0
call    0 never executed
call    1 never executed
call    2 never executed
branch  3 never executed
branch  4 never executed
        -:   71:            , entities.end(),
function _ZZN10RepositoryI5EventE12findPositionERKNSt7__cxx1112basic_stringIcSt11char_traitsIcESaIcEEEENKUlS0_E_clES0_ called 0 returned 0% blocks executed 0%
    #####:   72:            [&elementId](T element) { return element.getId() == elementId; });
    %%%%%:   72-block  0
call    0 never executed
call    1 never executed
call    2 never executed
    #####:   73:    if(iteratorToFoundElement==entities.end()){
    %%%%%:   73-block  0
call    0 never executed
call    1 never executed
branch  2 never executed
branch  3 never executed
    #####:   74:        return -1;
    %%%%%:   74-block  0
        -:   75:    }
    #####:   76:    return iteratorToFoundElement - entities.begin();
    %%%%%:   76-block  0
call    0 never executed
call    1 never executed
        -:   77:}
        -:   78:
        -:   79:template<class T>
function _ZN10RepositoryI5EventE6updateES0_ called 0 returned 0% blocks executed 0%
    #####:   80:void Repository<T>::update(T element) {
    #####:   81:    int position = this->findPosition(element.getId());
    %%%%%:   81-block  0
call    0 never executed
call    1 never executed
branch  2 never executed
branch  3 never executed
    %%%%%:   81-block  1
call    4 never executed
    $$$$$:   81-block  2
call    5 never executed
    $$$$$:   81-block  3
call    6 never executed
    #####:   82:    if (position == -1) {
branch  0 never executed
branch  1 never executed
    #####:   83:        throw RepositoryException("the element does not exist");
    %%%%%:   83-block  0
call    0 never executed
call    1 never executed
call    2 never executed
branch  3 never executed
branch  4 never executed
    %%%%%:   83-block  1
call    5 never executed
branch  6 never executed
branch  7 never executed
    %%%%%:   83-block  2
call    8 never executed
call    9 never executed
call   10 never executed
    $$$$$:   83-block  3
call   11 never executed
    $$$$$:   83-block  4
    $$$$$:   83-block  5
call   12 never executed
    $$$$$:   83-block  6
    $$$$$:   83-block  7
call   13 never executed
        -:   84:    }
    #####:   85:    this->entities[position] = element;
    %%%%%:   85-block  0
call    0 never executed
call    1 never executed
        -:   86:
    #####:   87:}
        -:   88:
        -:   89:template<class T>
function _ZN10RepositoryI5EventE6removeENSt7__cxx1112basic_stringIcSt11char_traitsIcESaIcEEE called 0 returned 0% blocks executed 0%
    #####:   90:void Repository<T>::remove(std::string element_id) {
    #####:   91:    int position = this->findPosition(element_id);
    %%%%%:   91-block  0
call    0 never executed
    #####:   92:    if (position == -1) {
branch  0 never executed
branch  1 never executed
    #####:   93:        throw RepositoryException("the element does not exist");
    %%%%%:   93-block  0
call    0 never executed
call    1 never executed
call    2 never executed
branch  3 never executed
branch  4 never executed
    %%%%%:   93-block  1
call    5 never executed
branch  6 never executed
branch  7 never executed
    %%%%%:   93-block  2
call    8 never executed
call    9 never executed
call   10 never executed
    $$$$$:   93-block  3
call   11 never executed
    $$$$$:   93-block  4
    $$$$$:   93-block  5
call   12 never executed
    $$$$$:   93-block  6
    $$$$$:   93-block  7
call   13 never executed
        -:   94:    }
    #####:   95:    std::swap(this->entities[position], this->entities[this->entities.size() - 1]);
    %%%%%:   95-block  0
call    0 never executed
call    1 never executed
call    2 never executed
call    3 never executed
    #####:   96:    this->entities.pop_back();
call    0 never executed
    #####:   97:}
        -:   98:
        -:   99:template<class T>
function _ZN10RepositoryI5EventE3addES0_ called 0 returned 0% blocks executed 0%
    #####:  100:void Repository<T>::add(T element) {
    #####:  101:    int position = this->findPosition(element.getId());
    %%%%%:  101-block  0
call    0 never executed
call    1 never executed
branch  2 never executed
branch  3 never executed
    %%%%%:  101-block  1
call    4 never executed
    $$$$$:  101-block  2
call    5 never executed
    $$$$$:  101-block  3
call    6 never executed
    #####:  102:    if (position != -1) {
branch  0 never executed
branch  1 never executed
    #####:  103:        throw RepositoryException("the element already exists");
    %%%%%:  103-block  0
call    0 never executed
call    1 never executed
call    2 never executed
branch  3 never executed
branch  4 never executed
    %%%%%:  103-block  1
call    5 never executed
branch  6 never executed
branch  7 never executed
    %%%%%:  103-block  2
call    8 never executed
call    9 never executed
call   10 never executed
    $$$$$:  103-block  3
call   11 never executed
    $$$$$:  103-block  4
    $$$$$:  103-block  5
call   12 never executed
    $$$$$:  103-block  6
    $$$$$:  103-block  7
call   13 never executed
        -:  104:    }
    #####:  105:    this->entities.push_back(element);
    %%%%%:  105-block  0
call    0 never executed
    #####:  106:}
        -:  107:
        -:  108:
        -:  109:#endif //A45_913_GABOR_IOANA_REPOSITORY_H
