        -:    0:Source:/home/ioana/second_semester/oop/assignments/a45-913-Gabor-Ioana/repository/Repository.h
        -:    0:Graph:/home/ioana/second_semester/oop/assignments/a45-913-Gabor-Ioana/cmake-build-debug-coverage/CMakeFiles/a45_913_Gabor_Ioana.dir/controller/EventsController.cpp.gcno
        -:    0:Data:/home/ioana/second_semester/oop/assignments/a45-913-Gabor-Ioana/cmake-build-debug-coverage/CMakeFiles/a45_913_Gabor_Ioana.dir/controller/EventsController.cpp.gcda
        -:    0:Runs:1
        -:    1://
        -:    2:// Created by ioana on 30.03.2023.
        -:    3://
        -:    4:
        -:    5:#ifndef A45_913_GABOR_IOANA_REPOSITORY_H
        -:    6:#define A45_913_GABOR_IOANA_REPOSITORY_H
        -:    7:
        -:    8:
        -:    9:#include <string>
        -:   10:#include "domain/DynamicVector.h"
        -:   11:#include "domain/AppExceptions.h"
        -:   12:template<class T>
        -:   13:class Repository {
        -:   14:private:
        -:   15:    DynamicVector<T> entities;
        -:   16:public:
        -:   17:    Repository();
        -:   18:    void add(T element);
        -:   19:    void remove(std::string element_id);
        -:   20:    void update(T element);
        -:   21:    DynamicVector<T> getAllEntities();
        -:   22:    T getElementById(const std:: string& elementId);
        -:   23:    bool isPresent(const std::string &elementId);
        -:   24:private:
        -:   25:    int findPosition(const std::string& element_id);
        -:   26:
        -:   27:};
        -:   28:
        -:   29:template<class T>
function _ZN10RepositoryI5EventE14getElementByIdERKNSt7__cxx1112basic_stringIcSt11char_traitsIcESaIcEEE called 7 returned 86% blocks executed 74%
        7:   30:T Repository<T>::getElementById(const std::string& elementId) {
       12:   31:    for(int i=0;i<entities.getSize();i++){
        7:   31-block  0
        5:   31-block  1
       12:   31-block  2
call    0 returned 12
branch  1 taken 11
branch  2 taken 1 (fallthrough)
       11:   32:        if(entities[i].getId() == elementId){
       11:   32-block  0
call    0 returned 11
call    1 returned 11
call    2 returned 11
call    3 returned 11
branch  4 taken 6 (fallthrough)
branch  5 taken 5
        6:   33:            return entities[i];
        6:   33-block  0
call    0 returned 6
call    1 returned 6
        -:   34:        }
        -:   35:    }
        1:   36:    throw RepositoryException("element was not found!");
        1:   36-block  0
call    0 returned 1
call    1 returned 1
call    2 returned 1
branch  3 taken 1 (fallthrough)
branch  4 taken 0 (throw)
        1:   36-block  1
call    5 returned 1
branch  6 taken 1 (fallthrough)
branch  7 taken 0 (throw)
        1:   36-block  2
call    8 returned 1
call    9 returned 1
call   10 returned 0
    $$$$$:   36-block  3
call   11 never executed
    $$$$$:   36-block  4
    $$$$$:   36-block  5
call   12 never executed
    $$$$$:   36-block  6
    $$$$$:   36-block  7
call   13 never executed
        -:   37:}
        -:   38:
        -:   39:
        -:   40:template<class T>
function _ZN10RepositoryI5EventE9isPresentERKNSt7__cxx1112basic_stringIcSt11char_traitsIcESaIcEEE called 12 returned 100% blocks executed 100%
       12:   41:bool Repository<T>::isPresent(const std::string& elementId) {
       17:   42:    for(int i=0;i<entities.getSize();i++){
       12:   42-block  0
        5:   42-block  1
       17:   42-block  2
call    0 returned 17
branch  1 taken 13
branch  2 taken 4 (fallthrough)
       13:   43:        if(entities[i].getId() == elementId){
       13:   43-block  0
call    0 returned 13
call    1 returned 13
call    2 returned 13
call    3 returned 13
branch  4 taken 8 (fallthrough)
branch  5 taken 5
        8:   44:            return true;
        8:   44-block  0
        -:   45:        }
        -:   46:    }
        4:   47:    return false;
        4:   47-block  0
        -:   48:}
        -:   49:
        -:   50:template<class T>
function _ZN10RepositoryI5EventE14getAllEntitiesEv called 12 returned 100% blocks executed 100%
       12:   51:DynamicVector<T> Repository<T>::getAllEntities() {
       12:   52:    return this->entities;
       12:   52-block  0
call    0 returned 12
        -:   53:}
        -:   54:
        -:   55:template<class T>
function _ZN10RepositoryI5EventEC2Ev called 0 returned 0% blocks executed 0%
    #####:   56:Repository<T>::Repository() {
    %%%%%:   56-block  0
call    0 never executed
    #####:   57:    this->entities = DynamicVector<T>(1);
call    0 never executed
branch  1 never executed
branch  2 never executed
    %%%%%:   57-block  0
call    3 never executed
branch  4 never executed
branch  5 never executed
    %%%%%:   57-block  1
call    6 never executed
    $$$$$:   57-block  2
call    7 never executed
    $$$$$:   57-block  3
    #####:   58:}
    $$$$$:   58-block  0
call    0 never executed
        -:   59:
        -:   60:template<class T>
function _ZN10RepositoryI5EventE12findPositionERKNSt7__cxx1112basic_stringIcSt11char_traitsIcESaIcEEE called 58 returned 100% blocks executed 100%
       58:   61:int Repository<T>::findPosition(const std::string& element_id) {
      159:   62:    for(int i=0;i< this->entities.getSize();i++){
       58:   62-block  0
      101:   62-block  1
      159:   62-block  2
call    0 returned 159
branch  1 taken 111
branch  2 taken 48 (fallthrough)
      111:   63:        if(this->entities[i].getId()==element_id){
      111:   63-block  0
call    0 returned 111
call    1 returned 111
call    2 returned 111
call    3 returned 111
branch  4 taken 10 (fallthrough)
branch  5 taken 101
       10:   64:            return i;
       10:   64-block  0
        -:   65:        }
        -:   66:    }
       48:   67:    return -1;
       48:   67-block  0
        -:   68:}
        -:   69:
        -:   70:template<class T>
function _ZN10RepositoryI5EventE6updateES0_ called 7 returned 71% blocks executed 60%
        7:   71:void Repository<T>::update(T element) {
        7:   72:    int position = this->findPosition(element.getId());
        7:   72-block  0
call    0 returned 7
call    1 returned 7
branch  2 taken 7 (fallthrough)
branch  3 taken 0 (throw)
        7:   72-block  1
call    4 returned 7
    $$$$$:   72-block  2
call    5 never executed
    $$$$$:   72-block  3
call    6 never executed
        7:   73:    if(position == -1){
branch  0 taken 2 (fallthrough)
branch  1 taken 5
        2:   74:        throw RepositoryException("the element does not exist");
        2:   74-block  0
call    0 returned 2
call    1 returned 2
call    2 returned 2
branch  3 taken 2 (fallthrough)
branch  4 taken 0 (throw)
        2:   74-block  1
call    5 returned 2
branch  6 taken 2 (fallthrough)
branch  7 taken 0 (throw)
        2:   74-block  2
call    8 returned 2
call    9 returned 2
call   10 returned 0
    $$$$$:   74-block  3
call   11 never executed
    $$$$$:   74-block  4
    $$$$$:   74-block  5
call   12 never executed
    $$$$$:   74-block  6
    $$$$$:   74-block  7
call   13 never executed
        -:   75:    }
        5:   76:    this->entities[position] = element;
        5:   76-block  0
call    0 returned 5
call    1 returned 5
        -:   77:
        5:   78:}
        -:   79:
        -:   80:template<class T>
function _ZN10RepositoryI5EventE6removeENSt7__cxx1112basic_stringIcSt11char_traitsIcESaIcEEE called 5 returned 60% blocks executed 70%
        5:   81:void Repository<T>::remove(std::string element_id) {
        5:   82:    int position = this->findPosition(element_id);
        5:   82-block  0
call    0 returned 5
        5:   83:    if(position == -1){
branch  0 taken 2 (fallthrough)
branch  1 taken 3
        2:   84:        throw RepositoryException("the element does not exist");
        2:   84-block  0
call    0 returned 2
call    1 returned 2
call    2 returned 2
branch  3 taken 2 (fallthrough)
branch  4 taken 0 (throw)
        2:   84-block  1
call    5 returned 2
branch  6 taken 2 (fallthrough)
branch  7 taken 0 (throw)
        2:   84-block  2
call    8 returned 2
call    9 returned 2
call   10 returned 0
    $$$$$:   84-block  3
call   11 never executed
    $$$$$:   84-block  4
    $$$$$:   84-block  5
call   12 never executed
    $$$$$:   84-block  6
    $$$$$:   84-block  7
call   13 never executed
        -:   85:    }
        3:   86:    std::swap(this->entities[position], this->entities[this->entities.getSize()-1]);
        3:   86-block  0
call    0 returned 3
call    1 returned 3
call    2 returned 3
call    3 returned 3
        3:   87:    this->entities.pop_back();
call    0 returned 3
        3:   88:}
        -:   89:
        -:   90:template<class T>
function _ZN10RepositoryI5EventE3addES0_ called 46 returned 96% blocks executed 55%
       46:   91:void Repository<T>::add(T element) {
       46:   92:    int position = this->findPosition(element.getId());
       46:   92-block  0
call    0 returned 46
call    1 returned 46
branch  2 taken 46 (fallthrough)
branch  3 taken 0 (throw)
       46:   92-block  1
call    4 returned 46
    $$$$$:   92-block  2
call    5 never executed
    $$$$$:   92-block  3
call    6 never executed
       46:   93:    if(position != -1){
branch  0 taken 2 (fallthrough)
branch  1 taken 44
        2:   94:        throw RepositoryException("the element already exists");
        2:   94-block  0
call    0 returned 2
call    1 returned 2
call    2 returned 2
branch  3 taken 2 (fallthrough)
branch  4 taken 0 (throw)
        2:   94-block  1
call    5 returned 2
branch  6 taken 2 (fallthrough)
branch  7 taken 0 (throw)
        2:   94-block  2
call    8 returned 2
call    9 returned 2
call   10 returned 0
    $$$$$:   94-block  3
call   11 never executed
    $$$$$:   94-block  4
    $$$$$:   94-block  5
call   12 never executed
    $$$$$:   94-block  6
    $$$$$:   94-block  7
call   13 never executed
        -:   95:    }
       44:   96:    this->entities.add(element);
       44:   96-block  0
call    0 returned 44
call    1 returned 44
branch  2 taken 44 (fallthrough)
branch  3 taken 0 (throw)
       44:   96-block  1
call    4 returned 44
    $$$$$:   96-block  2
call    5 never executed
       44:   97:}
        -:   98:
        -:   99:
        -:  100:#endif //A45_913_GABOR_IOANA_REPOSITORY_H
