        -:    0:Source:/home/ioana/second_semester/oop/assignments/a45-913-Gabor-Ioana/domain/Event.cpp
        -:    0:Graph:/home/ioana/second_semester/oop/assignments/a45-913-Gabor-Ioana/cmake-build-debug-coverage/CMakeFiles/a45_913_Gabor_Ioana.dir/domain/Event.cpp.gcno
        -:    0:Data:/home/ioana/second_semester/oop/assignments/a45-913-Gabor-Ioana/cmake-build-debug-coverage/CMakeFiles/a45_913_Gabor_Ioana.dir/domain/Event.cpp.gcda
        -:    0:Runs:1
        -:    1://
        -:    2:// Created by ioana on 30.03.2023.
        -:    3://
        -:    4:
        -:    5:#include "Event.h"
        -:    6:#include "validators/Validators.h"
        -:    7:#include "AppExceptions.h"
        -:    8:
function _ZN5EventC2Ev called 249 returned 100% blocks executed 59%
      249:    9:Event::Event() {
      249:    9-block  0
call    0 returned 249
call    1 returned 249
call    2 returned 249
call    3 returned 249
      249:   10:    this->title = "";
call    0 returned 249
branch  1 taken 249 (fallthrough)
branch  2 taken 0 (throw)
      249:   11:    this->description = "";
      249:   11-block  0
call    0 returned 249
branch  1 taken 249 (fallthrough)
branch  2 taken 0 (throw)
      249:   12:    this->link = "";
      249:   12-block  0
call    0 returned 249
branch  1 taken 249 (fallthrough)
branch  2 taken 0 (throw)
      249:   13:    this->numberOfAttendants = 0;
      249:   14:    this->dateAndTime = "";
      249:   14-block  0
call    0 returned 249
branch  1 taken 249 (fallthrough)
branch  2 taken 0 (throw)
      249:   15:}
      249:   15-block  0
    $$$$$:   15-block  1
call    0 never executed
    $$$$$:   15-block  2
call    1 never executed
    $$$$$:   15-block  3
call    2 never executed
    $$$$$:   15-block  4
call    3 never executed
        -:   16:
        -:   17:
function _ZN5EventC2ERKS_ called 83 returned 100% blocks executed 59%
       83:   18:Event::Event(const Event &other) {
       83:   18-block  0
call    0 returned 83
call    1 returned 83
call    2 returned 83
call    3 returned 83
       83:   19:    this->title = other.title;
call    0 returned 83
branch  1 taken 83 (fallthrough)
branch  2 taken 0 (throw)
       83:   20:    this->numberOfAttendants = other.numberOfAttendants;
       83:   21:    this->link = other.link;
       83:   21-block  0
call    0 returned 83
branch  1 taken 83 (fallthrough)
branch  2 taken 0 (throw)
       83:   22:    this->description = other.description;
       83:   22-block  0
call    0 returned 83
branch  1 taken 83 (fallthrough)
branch  2 taken 0 (throw)
       83:   23:    this->dateAndTime = other.dateAndTime;
       83:   23-block  0
call    0 returned 83
branch  1 taken 83 (fallthrough)
branch  2 taken 0 (throw)
       83:   24:}
       83:   24-block  0
    $$$$$:   24-block  1
call    0 never executed
    $$$$$:   24-block  2
call    1 never executed
    $$$$$:   24-block  3
call    2 never executed
    $$$$$:   24-block  4
call    3 never executed
        -:   25:
function _ZN5EventC2ERKNSt7__cxx1112basic_stringIcSt11char_traitsIcESaIcEEES7_iS7_S7_ called 57 returned 96% blocks executed 52%
       57:   26:Event::Event(const std::string &title, const std::string &description, int numberOfAttendants,
       57:   27:             const std::string &dateAndTime, const std::string &link) {
       57:   27-block  0
call    0 returned 57
call    1 returned 57
call    2 returned 57
call    3 returned 57
       57:   28:    this->title = title;
call    0 returned 57
branch  1 taken 57 (fallthrough)
branch  2 taken 0 (throw)
       57:   29:    this->description = description;
       57:   29-block  0
call    0 returned 57
branch  1 taken 57 (fallthrough)
branch  2 taken 0 (throw)
       57:   30:    this->link = link;
       57:   30-block  0
call    0 returned 57
branch  1 taken 57 (fallthrough)
branch  2 taken 0 (throw)
       57:   31:    this->numberOfAttendants = numberOfAttendants;
       57:   32:    this->dateAndTime = dateAndTime;
       57:   32-block  0
call    0 returned 57
branch  1 taken 57 (fallthrough)
branch  2 taken 0 (throw)
       57:   33:    if (!Validators::isValidDateAndTime(dateAndTime)) {
       57:   33-block  0
call    0 returned 57
branch  1 taken 57 (fallthrough)
branch  2 taken 0 (throw)
       57:   33-block  1
call    3 returned 57
branch  4 taken 57 (fallthrough)
branch  5 taken 0 (throw)
       57:   33-block  2
call    6 returned 57
branch  7 taken 0 (fallthrough)
branch  8 taken 57
    $$$$$:   33-block  3
call    9 never executed
    $$$$$:   33-block  4
    #####:   34:        throw EventException("Invalid date and time\n");
    %%%%%:   34-block  0
call    0 never executed
call    1 never executed
call    2 never executed
branch  3 never executed
branch  4 never executed
    %%%%%:   34-block  1
call    5 never executed
branch  6 never executed
branch  7 never executed
    %%%%%:   34-block  2
call    8 never executed
call    9 never executed
call   10 never executed
    $$$$$:   34-block  3
call   11 never executed
    $$$$$:   34-block  4
    $$$$$:   34-block  5
call   12 never executed
    $$$$$:   34-block  6
    $$$$$:   34-block  7
call   13 never executed
        -:   35:    }
       57:   36:    if (!Validators::isValidLink(link)) {
       57:   36-block  0
call    0 returned 57
branch  1 taken 57 (fallthrough)
branch  2 taken 0 (throw)
       57:   36-block  1
call    3 returned 57
branch  4 taken 57 (fallthrough)
branch  5 taken 0 (throw)
       57:   36-block  2
call    6 returned 57
branch  7 taken 2 (fallthrough)
branch  8 taken 55
    $$$$$:   36-block  3
call    9 never executed
    $$$$$:   36-block  4
        2:   37:        throw EventException("Invalid link\n");
        2:   37-block  0
call    0 returned 2
call    1 returned 2
call    2 returned 2
branch  3 taken 2 (fallthrough)
branch  4 taken 0 (throw)
        2:   37-block  1
call    5 returned 2
branch  6 taken 2 (fallthrough)
branch  7 taken 0 (throw)
        2:   37-block  2
call    8 returned 2
call    9 returned 2
call   10 returned 2
    $$$$$:   37-block  3
call   11 never executed
    $$$$$:   37-block  4
    $$$$$:   37-block  5
call   12 never executed
    $$$$$:   37-block  6
    $$$$$:   37-block  7
call   13 never executed
        -:   38:    }
        -:   39:
       63:   40:}
       55:   40-block  0
        2:   40-block  1
call    0 returned 2
        2:   40-block  2
call    1 returned 2
        2:   40-block  3
call    2 returned 2
        2:   40-block  4
call    3 returned 2
        -:   41:
function _ZN5Event8getTitleB5cxx11Ev called 6 returned 100% blocks executed 100%
        6:   42:std::string Event::getTitle() {
        6:   43:    return this->title;
        6:   43-block  0
call    0 returned 6
        -:   44:}
        -:   45:
function _ZN5Event14getDescriptionB5cxx11Ev called 6 returned 100% blocks executed 100%
        6:   46:std::string Event::getDescription() {
        6:   47:    return this->description;
        6:   47-block  0
call    0 returned 6
        -:   48:}
        -:   49:
function _ZN5Event14getDateAndTimeB5cxx11Ev called 18 returned 100% blocks executed 100%
       18:   50:std::string Event::getDateAndTime() {
       18:   51:    return this->dateAndTime;
       18:   51-block  0
call    0 returned 18
        -:   52:}
        -:   53:
        -:   54:
function _ZN5Event21getNumberOfAttendantsEv called 5 returned 100% blocks executed 100%
        5:   55:int Event::getNumberOfAttendants() {
        5:   56:    return this->numberOfAttendants;
        5:   56-block  0
        -:   57:}
        -:   58:
function _ZN5Event8getMonthB5cxx11Ev called 4 returned 100% blocks executed 88%
        4:   59:std::string Event::getMonth() {
        4:   60:    std::string month;
        4:   60-block  0
call    0 returned 4
        4:   61:    int howManySlashes = 0;
       72:   62:    for (char currentCharacter: this->dateAndTime) {
call    0 returned 4
call    1 returned 4
       68:   62-block  0
call    2 returned 68
       68:   62-block  1
call    3 returned 68
       72:   62-block  2
call    4 returned 72
branch  5 taken 68
branch  6 taken 4 (fallthrough)
       68:   63:        if (currentCharacter == '/') {
branch  0 taken 16 (fallthrough)
branch  1 taken 52
       16:   64:            howManySlashes++;
       16:   64-block  0
       52:   65:        }else if (howManySlashes == 2) {
       52:   65-block  0
branch  0 taken 8 (fallthrough)
branch  1 taken 44
        8:   66:            month += currentCharacter;
        8:   66-block  0
call    0 returned 8
branch  1 taken 8 (fallthrough)
branch  2 taken 0 (throw)
        -:   67:        }
        -:   68:    }
        4:   69:    return month;
        4:   69-block  0
        4:   69-block  1
    =====:   70:}
    $$$$$:   70-block  0
call    0 never executed
        -:   71:
function _ZN5Event7getLinkB5cxx11Ev called 6 returned 100% blocks executed 100%
        6:   72:std::string Event::getLink() {
        6:   73:    return this->link;
        6:   73-block  0
call    0 returned 6
        -:   74:}
        -:   75:
function _ZN5Event8setTitleERKNSt7__cxx1112basic_stringIcSt11char_traitsIcESaIcEEE called 2 returned 100% blocks executed 100%
        2:   76:void Event::setTitle(const std::string &newTitle) {
        2:   77:    this->title = newTitle;
        2:   77-block  0
call    0 returned 2
        2:   78:}
        -:   79:
function _ZN5Event14setDescriptionERKNSt7__cxx1112basic_stringIcSt11char_traitsIcESaIcEEE called 1 returned 100% blocks executed 100%
        1:   80:void Event::setDescription(const std::string &newDescription) {
        1:   81:    this->description = newDescription;
        1:   81-block  0
call    0 returned 1
        1:   82:}
        -:   83:
function _ZN5Event14setDateAndTimeERKNSt7__cxx1112basic_stringIcSt11char_traitsIcESaIcEEE called 1 returned 100% blocks executed 29%
        1:   84:void Event::setDateAndTime(const std::string &dateAndTime) {
        1:   85:    if (!Validators::isValidDateAndTime(dateAndTime)) {
        1:   85-block  0
call    0 returned 1
call    1 returned 1
branch  2 taken 1 (fallthrough)
branch  3 taken 0 (throw)
        1:   85-block  1
call    4 returned 1
branch  5 taken 0 (fallthrough)
branch  6 taken 1
    $$$$$:   85-block  2
call    7 never executed
    $$$$$:   85-block  3
call    8 never executed
    #####:   86:        throw EventException("Invalid date and time\n");
    %%%%%:   86-block  0
call    0 never executed
call    1 never executed
call    2 never executed
branch  3 never executed
branch  4 never executed
    %%%%%:   86-block  1
call    5 never executed
branch  6 never executed
branch  7 never executed
    %%%%%:   86-block  2
call    8 never executed
call    9 never executed
call   10 never executed
    $$$$$:   86-block  3
call   11 never executed
    $$$$$:   86-block  4
    $$$$$:   86-block  5
call   12 never executed
    $$$$$:   86-block  6
    $$$$$:   86-block  7
call   13 never executed
        -:   87:    }
        1:   88:    this->dateAndTime = dateAndTime;
        1:   88-block  0
call    0 returned 1
        1:   89:}
        -:   90:
function _ZN5Event7setLinkERKNSt7__cxx1112basic_stringIcSt11char_traitsIcESaIcEEE called 2 returned 50% blocks executed 58%
        2:   91:void Event::setLink(const std::string &newLink) {
        2:   92:    if (!Validators::isValidLink(newLink)) {
        2:   92-block  0
call    0 returned 2
call    1 returned 2
branch  2 taken 2 (fallthrough)
branch  3 taken 0 (throw)
        2:   92-block  1
call    4 returned 2
branch  5 taken 1 (fallthrough)
branch  6 taken 1
    $$$$$:   92-block  2
call    7 never executed
    $$$$$:   92-block  3
call    8 never executed
        1:   93:        throw EventException("Invalid link\n");
        1:   93-block  0
call    0 returned 1
call    1 returned 1
call    2 returned 1
branch  3 taken 1 (fallthrough)
branch  4 taken 0 (throw)
        1:   93-block  1
call    5 returned 1
branch  6 taken 1 (fallthrough)
branch  7 taken 0 (throw)
        1:   93-block  2
call    8 returned 1
call    9 returned 1
call   10 returned 0
    $$$$$:   93-block  3
call   11 never executed
    $$$$$:   93-block  4
    $$$$$:   93-block  5
call   12 never executed
    $$$$$:   93-block  6
    $$$$$:   93-block  7
call   13 never executed
        -:   94:    }
        1:   95:    this->link = newLink;
        1:   95-block  0
call    0 returned 1
        1:   96:}
        -:   97:
function _ZN5Event21setNumberOfAttendantsEi called 1 returned 100% blocks executed 100%
        1:   98:void Event::setNumberOfAttendants(int newNumberOfAttendants) {
        1:   99:    this->numberOfAttendants = newNumberOfAttendants;
        1:  100:}
        -:  101:
function _ZN5Event5getIdB5cxx11Ev called 189 returned 100% blocks executed 100%
      189:  102:std::string Event::getId() {
      189:  103:    return this->title + this->dateAndTime;
      189:  103-block  0
call    0 returned 189
        -:  104:}
        -:  105:
function _ZN5Event21getIdFromTitleAndDateERKNSt7__cxx1112basic_stringIcSt11char_traitsIcESaIcEEES7_ called 16 returned 100% blocks executed 100%
       16:  106:std::string Event::getIdFromTitleAndDate(const std::string &title, const std::string &date) {
       16:  107:    return title + date;
       16:  107-block  0
call    0 returned 16
        -:  108:}
        -:  109:
        -:  110:
function _ZNK5EventeqERKS_ called 2 returned 100% blocks executed 92%
        2:  111:bool Event::operator==(const Event &other) const {
        4:  112:    return this->title == other.title && this->description == other.description &&
        2:  112-block  0
call    0 returned 2
        2:  112-block  1
call    1 returned 2
branch  2 taken 2 (fallthrough)
branch  3 taken 0
        2:  113:           this->numberOfAttendants == other.numberOfAttendants && this->link == other.link
        2:  113-block  0
branch  0 taken 2 (fallthrough)
branch  1 taken 0
        2:  113-block  1
call    2 returned 2
branch  3 taken 2 (fallthrough)
branch  4 taken 0
       4*:  114:           && this->dateAndTime == other.dateAndTime;
branch  0 taken 2 (fallthrough)
branch  1 taken 0
        2:  114-block  0
call    2 returned 2
branch  3 taken 2 (fallthrough)
branch  4 taken 0
        2:  114-block  1
    %%%%%:  114-block  2
        2:  114-block  3
        -:  115:}
        -:  116:
function _ZNK5EventneERKS_ called 1 returned 100% blocks executed 38%
        1:  117:bool Event::operator!=(const Event &other) const {
       1*:  118:    return !(this->title == other.title && this->description == other.description &&
        1:  118-block  0
call    0 returned 1
branch  1 taken 0 (fallthrough)
branch  2 taken 1
    %%%%%:  118-block  1
call    3 never executed
branch  4 never executed
branch  5 never executed
        1:  118-block  2
    %%%%%:  118-block  3
    #####:  119:             this->numberOfAttendants == other.numberOfAttendants && this->link == other.link
    %%%%%:  119-block  0
branch  0 never executed
branch  1 never executed
    %%%%%:  119-block  1
call    2 never executed
branch  3 never executed
branch  4 never executed
       1*:  120:             && this->dateAndTime == other.dateAndTime);
    %%%%%:  120-block  0
call    0 never executed
branch  1 never executed
branch  2 never executed
        1:  120-block  1
        -:  121:}
        -:  122:
function _ZN5Event8toStringB5cxx11Ev called 0 returned 0% blocks executed 0%
    #####:  123:std::string Event::toString() {
    #####:  124:    return "Title " + this->title + " Description " + this->description + " Date and time"
    %%%%%:  124-block  0
call    0 never executed
branch  1 never executed
branch  2 never executed
    %%%%%:  124-block  1
call    3 never executed
branch  4 never executed
branch  5 never executed
    %%%%%:  124-block  2
call    6 never executed
branch  7 never executed
branch  8 never executed
call    9 never executed
call   10 never executed
call   11 never executed
    $$$$$:  124-block  3
call   12 never executed
    $$$$$:  124-block  4
    $$$$$:  124-block  5
call   13 never executed
    $$$$$:  124-block  6
    $$$$$:  124-block  7
call   14 never executed
    $$$$$:  124-block  8
    $$$$$:  124-block  9
call   15 never executed
    $$$$$:  124-block 10
    #####:  125:           + "Date and time " + this->dateAndTime + "Link " + this->link + " Number of participants "
call    0 never executed
branch  1 never executed
branch  2 never executed
    %%%%%:  125-block  0
call    3 never executed
branch  4 never executed
branch  5 never executed
    %%%%%:  125-block  1
call    6 never executed
branch  7 never executed
branch  8 never executed
    %%%%%:  125-block  2
call    9 never executed
branch 10 never executed
branch 11 never executed
    %%%%%:  125-block  3
call   12 never executed
branch 13 never executed
branch 14 never executed
    %%%%%:  125-block  4
call   15 never executed
branch 16 never executed
branch 17 never executed
    %%%%%:  125-block  5
call   18 never executed
call   19 never executed
call   20 never executed
call   21 never executed
call   22 never executed
call   23 never executed
    $$$$$:  125-block  6
call   24 never executed
    $$$$$:  125-block  7
    $$$$$:  125-block  8
call   25 never executed
    $$$$$:  125-block  9
    $$$$$:  125-block 10
call   26 never executed
    $$$$$:  125-block 11
    $$$$$:  125-block 12
call   27 never executed
    $$$$$:  125-block 13
    $$$$$:  125-block 14
call   28 never executed
    $$$$$:  125-block 15
    #####:  126:           + std::to_string(this->numberOfAttendants);
    %%%%%:  126-block  0
call    0 never executed
    %%%%%:  126-block  1
call    1 never executed
branch  2 never executed
branch  3 never executed
call    4 never executed
    %%%%%:  126-block  2
    $$$$$:  126-block  3
call    5 never executed
        -:  127:}
        -:  128:
function _ZN5EventaSERKS_ called 189 returned 100% blocks executed 100%
      189:  129:Event &Event::operator=(const Event &other) = default;
      189:  129-block  0
call    0 returned 189
call    1 returned 189
call    2 returned 189
call    3 returned 189
