        -:    0:Source:/home/ioana/second_semester/oop/assignments/a45-913-Gabor-Ioana/validators/Validators.cpp
        -:    0:Graph:/home/ioana/second_semester/oop/assignments/a45-913-Gabor-Ioana/cmake-build-debug-coverage/CMakeFiles/a45_913_Gabor_Ioana.dir/validators/Validators.cpp.gcno
        -:    0:Data:/home/ioana/second_semester/oop/assignments/a45-913-Gabor-Ioana/cmake-build-debug-coverage/CMakeFiles/a45_913_Gabor_Ioana.dir/validators/Validators.cpp.gcda
        -:    0:Runs:1
        -:    1://
        -:    2:// Created by ioana on 30.03.2023.
        -:    3://
        -:    4:
        -:    5:#include <regex>
        -:    6:#include "Validators.h"
        -:    7:
function _ZN10Validators11isValidLinkENSt7__cxx1112basic_stringIcSt11char_traitsIcESaIcEEE called 59 returned 100% blocks executed 80%
       59:    8:bool Validators::isValidLink(std::string link) {
       59:    9:    if(std::regex_search(link,std::regex("^https?:\\/\\/(www\\.)?[-a-zA-Z0-9@:%._\\+~#=]{1,256}\\."
       59:    9-block  0
call    0 returned 59
call    1 returned 59
branch  2 taken 59 (fallthrough)
branch  3 taken 0 (throw)
       59:    9-block  1
call    4 returned 59
branch  5 taken 56 (fallthrough)
branch  6 taken 3
    $$$$$:    9-block  2
call    7 never executed
        -:   10:                                         "[a-zA-Z0-9()]{1,6}\\b([-a-zA-Z0-9()@:%_\\+.~#?&//=]*)$"))){
       56:   11:        return true;
       56:   11-block  0
        -:   12:    }
        3:   13:    return false;
        3:   13-block  0
        -:   14:}
        -:   15:
function _ZN10Validators18isValidDateAndTimeENSt7__cxx1112basic_stringIcSt11char_traitsIcESaIcEEE called 58 returned 100% blocks executed 70%
       58:   16:bool Validators::isValidDateAndTime(std::string dateAndTime) {
       58:   17:    if(std::regex_search(dateAndTime,std::regex("^/[0-9]{4}/[0-9]{2}/[0-9]{2}/[0-9]{2}:[0-9]{2}$"))){
       58:   17-block  0
call    0 returned 58
call    1 returned 58
branch  2 taken 58 (fallthrough)
branch  3 taken 0 (throw)
       58:   17-block  1
call    4 returned 58
branch  5 taken 58 (fallthrough)
branch  6 taken 0
    $$$$$:   17-block  2
call    7 never executed
       58:   18:        return true;
       58:   18-block  0
        -:   19:    }
    #####:   20:    return false;
    %%%%%:   20-block  0
        -:   21:}
        -:   22:
function _ZN10Validators12isValidMonthERKNSt7__cxx1112basic_stringIcSt11char_traitsIcESaIcEEE called 3 returned 100% blocks executed 90%
        3:   23:bool Validators::isValidMonth(const std::string& month){
        3:   24:    if(std::regex_search(month,std::regex("^[0-9]{2}$"))){
        3:   24-block  0
call    0 returned 3
call    1 returned 3
branch  2 taken 3 (fallthrough)
branch  3 taken 0 (throw)
        3:   24-block  1
call    4 returned 3
branch  5 taken 2 (fallthrough)
branch  6 taken 1
    $$$$$:   24-block  2
call    7 never executed
        2:   25:        if(month[0]>'2' || (month[0]=='1' && month[1]>'2')){
        2:   25-block  0
call    0 returned 2
branch  1 taken 2 (fallthrough)
branch  2 taken 0
        2:   25-block  1
call    3 returned 2
branch  4 taken 2 (fallthrough)
branch  5 taken 0
        2:   25-block  2
call    6 returned 2
branch  7 taken 1 (fallthrough)
branch  8 taken 1
        1:   25-block  3
        1:   25-block  4
        2:   25-block  5
branch  9 taken 1 (fallthrough)
branch 10 taken 1
        1:   26:            return false;
        1:   26-block  0
        -:   27:        }
        1:   28:        return true;
        1:   28-block  0
        -:   29:    }
        1:   30:    return false;
        1:   30-block  0
        -:   31:
        -:   32:}
